[collectRule:cr-01 podNs:default pod:ubuntu-hello-54fb5fdc88-nq79b][Mon Feb 10 13:11:51 UTC 2025
][collectRule:cr-01 podNs:default pod:ubuntu-hello-54fb5fdc88-nq79b][hello world
][collectRule:cr-01 podNs:default pod:ubuntu-hello-54fb5fdc88-nq79b][Mon Feb 10 13:11:52 UTC 2025
][collectRule:cr-01 podNs:default pod:ubuntu-hello-54fb5fdc88-nq79b][hello world
][collectRule:cr-01 podNs:default pod:ubuntu-hello-54fb5fdc88-nq79b][Mon Feb 10 13:11:53 UTC 2025
][collectRule:cr-01 podNs:default pod:ubuntu-hello-54fb5fdc88-nq79b][hello world
][collectRule:cr-01 podNs:default pod:ubuntu-hello-54fb5fdc88-nq79b][Mon Feb 10 13:11:54 UTC 2025
][collectRule:cr-01 podNs:default pod:ubuntu-hello-54fb5fdc88-nq79b][hello world
][collectRule:cr-01 podNs:default pod:ubuntu-hello-54fb5fdc88-nq79b][Mon Feb 10 13:11:55 UTC 2025
][collectRule:cr-01 podNs:default pod:ubuntu-hello-54fb5fdc88-nq79b][hello world
][collectRule:cr-01 podNs:default pod:ubuntu-hello-54fb5fdc88-nq79b][Mon Feb 10 13:11:56 UTC 2025
][collectRule:cr-01 podNs:default pod:ubuntu-hello-54fb5fdc88-nq79b][hello world
][collectRule:cr-01 podNs:default pod:ubuntu-hello-54fb5fdc88-nq79b][Mon Feb 10 13:11:57 UTC 2025
][collectRule:cr-01 podNs:default pod:ubuntu-hello-54fb5fdc88-nq79b][hello world
][collectRule:cr-01 podNs:default pod:ubuntu-hello-54fb5fdc88-nq79b][Mon Feb 10 13:11:58 UTC 2025
][collectRule:cr-01 podNs:default pod:ubuntu-hello-54fb5fdc88-nq79b][hello world
][collectRule:cr-01 podNs:default pod:ubuntu-hello-54fb5fdc88-nq79b][Mon Feb 10 13:11:59 UTC 2025
][collectRule:cr-01 podNs:default pod:ubuntu-hello-54fb5fdc88-nq79b][hello world
][collectRule:cr-01 podNs:default pod:ubuntu-hello-54fb5fdc88-nq79b][Mon Feb 10 13:12:00 UTC 2025
][collectRule:cr-01 podNs:default pod:ubuntu-hello-54fb5fdc88-nq79b][hello world
][collectRule:cr-01 podNs:default pod:ubuntu-hello-54fb5fdc88-768xr][Mon Feb 10 13:12:05 UTC 2025
][collectRule:cr-01 podNs:default pod:ubuntu-hello-54fb5fdc88-nq79b][Mon Feb 10 13:12:01 UTC 2025
][collectRule:cr-01 podNs:default pod:ubuntu-hello-54fb5fdc88-768xr][hello world
][collectRule:cr-01 podNs:default pod:ubuntu-hello-54fb5fdc88-768xr][Mon Feb 10 13:12:06 UTC 2025
][collectRule:cr-01 podNs:default pod:ubuntu-hello-54fb5fdc88-768xr][hello world
][collectRule:cr-01 podNs:default pod:ubuntu-hello-54fb5fdc88-768xr][Mon Feb 10 13:12:07 UTC 2025
][collectRule:cr-01 podNs:default pod:ubuntu-hello-54fb5fdc88-768xr][hello world
][collectRule:cr-01 podNs:default pod:ubuntu-hello-54fb5fdc88-768xr][Mon Feb 10 13:12:08 UTC 2025
][collectRule:cr-01 podNs:default pod:ubuntu-hello-54fb5fdc88-768xr][hello world
][collectRule:cr-01 podNs:default pod:ubuntu-hello-54fb5fdc88-nq79b][hello world
][collectRule:cr-01 podNs:default pod:ubuntu-hello-54fb5fdc88-nq79b][Mon Feb 10 13:12:02 UTC 2025
][collectRule:cr-01 podNs:default pod:ubuntu-hello-54fb5fdc88-nq79b][hello world
][collectRule:cr-01 podNs:default pod:ubuntu-hello-54fb5fdc88-nq79b][Mon Feb 10 13:12:03 UTC 2025
][collectRule:cr-01 podNs:default pod:ubuntu-hello-54fb5fdc88-nq79b][hello world
][collectRule:cr-01 podNs:default pod:ubuntu-hello-54fb5fdc88-nq79b][Mon Feb 10 13:12:04 UTC 2025
][collectRule:cr-01 podNs:default pod:ubuntu-hello-54fb5fdc88-nq79b][hello world
][collectRule:cr-01 podNs:default pod:ubuntu-hello-54fb5fdc88-768xr][Mon Feb 10 13:12:09 UTC 2025
][collectRule:cr-01 podNs:default pod:ubuntu-hello-54fb5fdc88-768xr][hello world
][collectRule:cr-01 podNs:default pod:ubuntu-hello-54fb5fdc88-768xr][Mon Feb 10 13:12:10 UTC 2025
][collectRule:cr-01 podNs:default pod:ubuntu-hello-54fb5fdc88-nq79b][Mon Feb 10 13:12:05 UTC 2025
][collectRule:cr-01 podNs:default pod:ubuntu-hello-54fb5fdc88-nq79b][hello world
][collectRule:cr-01 podNs:default pod:ubuntu-hello-54fb5fdc88-768xr][hello world
][collectRule:cr-01 podNs:default pod:ubuntu-hello-54fb5fdc88-768xr][Mon Feb 10 13:12:11 UTC 2025
][collectRule:cr-01 podNs:default pod:ubuntu-hello-54fb5fdc88-768xr][hello world
][collectRule:cr-01 podNs:default pod:ubuntu-hello-54fb5fdc88-768xr][Mon Feb 10 13:12:12 UTC 2025
][collectRule:cr-01 podNs:default pod:ubuntu-hello-54fb5fdc88-nq79b][Mon Feb 10 13:12:06 UTC 2025
][collectRule:cr-01 podNs:default pod:ubuntu-hello-54fb5fdc88-nq79b][hello world
][collectRule:cr-01 podNs:default pod:ubuntu-hello-54fb5fdc88-nq79b][Mon Feb 10 13:12:07 UTC 2025
][collectRule:cr-01 podNs:default pod:ubuntu-hello-54fb5fdc88-nq79b][hello world
][collectRule:cr-01 podNs:default pod:ubuntu-hello-54fb5fdc88-nq79b][Mon Feb 10 13:12:08 UTC 2025
][collectRule:cr-01 podNs:default pod:ubuntu-hello-54fb5fdc88-nq79b][hello world
][collectRule:cr-01 podNs:default pod:ubuntu-hello-54fb5fdc88-768xr][hello world
][collectRule:cr-01 podNs:default pod:ubuntu-hello-54fb5fdc88-768xr][Mon Feb 10 13:12:13 UTC 2025
][collectRule:cr-01 podNs:default pod:ubuntu-hello-54fb5fdc88-768xr][hello world
][collectRule:cr-01 podNs:default pod:ubuntu-hello-54fb5fdc88-nq79b][Mon Feb 10 13:12:09 UTC 2025
][collectRule:cr-01 podNs:default pod:ubuntu-hello-54fb5fdc88-768xr][Mon Feb 10 13:12:14 UTC 2025
][collectRule:cr-01 podNs:default pod:ubuntu-hello-54fb5fdc88-nq79b][hello world
][collectRule:cr-01 podNs:default pod:ubuntu-hello-54fb5fdc88-768xr][hello world
][collectRule:cr-01 podNs:default pod:ubuntu-hello-54fb5fdc88-768xr][Mon Feb 10 13:12:15 UTC 2025
][collectRule:cr-01 podNs:default pod:ubuntu-hello-54fb5fdc88-nq79b][Mon Feb 10 13:12:10 UTC 2025
][collectRule:cr-01 podNs:default pod:ubuntu-hello-54fb5fdc88-nq79b][hello world
][collectRule:cr-01 podNs:default pod:ubuntu-hello-54fb5fdc88-768xr][hello world
][collectRule:cr-01 podNs:default pod:ubuntu-hello-54fb5fdc88-nq79b][Mon Feb 10 13:12:11 UTC 2025
][collectRule:cr-01 podNs:default pod:ubuntu-hello-54fb5fdc88-768xr][Mon Feb 10 13:12:16 UTC 2025
][collectRule:cr-01 podNs:default pod:ubuntu-hello-54fb5fdc88-nq79b][hello world
][collectRule:cr-01 podNs:default pod:ubuntu-hello-54fb5fdc88-nq79b][Mon Feb 10 13:12:12 UTC 2025
][collectRule:cr-01 podNs:default pod:ubuntu-hello-54fb5fdc88-nq79b][hello world
][collectRule:cr-01 podNs:default pod:ubuntu-hello-54fb5fdc88-nq79b][Mon Feb 10 13:12:13 UTC 2025
][collectRule:cr-01 podNs:default pod:ubuntu-hello-54fb5fdc88-nq79b][hello world
][collectRule:cr-01 podNs:default pod:ubuntu-hello-54fb5fdc88-nq79b][Mon Feb 10 13:12:14 UTC 2025
][collectRule:cr-01 podNs:default pod:ubuntu-hello-54fb5fdc88-768xr][hello world
][collectRule:cr-01 podNs:default pod:ubuntu-hello-54fb5fdc88-768xr][Mon Feb 10 13:12:17 UTC 2025
][collectRule:cr-01 podNs:default pod:ubuntu-hello-54fb5fdc88-768xr][hello world
][collectRule:cr-01 podNs:default pod:ubuntu-hello-54fb5fdc88-768xr][Mon Feb 10 13:12:18 UTC 2025
][collectRule:cr-01 podNs:default pod:ubuntu-hello-54fb5fdc88-768xr][hello world
][collectRule:cr-01 podNs:default pod:ubuntu-hello-54fb5fdc88-768xr][Mon Feb 10 13:12:19 UTC 2025
][collectRule:cr-01 podNs:default pod:ubuntu-hello-54fb5fdc88-768xr][hello world
][collectRule:cr-01 podNs:default pod:ubuntu-hello-54fb5fdc88-nq79b][hello world
][collectRule:cr-01 podNs:default pod:ubuntu-hello-54fb5fdc88-nq79b][Mon Feb 10 13:12:15 UTC 2025
][collectRule:cr-01 podNs:default pod:ubuntu-hello-54fb5fdc88-nq79b][hello world
][collectRule:cr-01 podNs:default pod:ubuntu-hello-54fb5fdc88-768xr][Mon Feb 10 13:12:20 UTC 2025
][collectRule:cr-01 podNs:default pod:ubuntu-hello-54fb5fdc88-768xr][hello world
][collectRule:cr-01 podNs:default pod:ubuntu-hello-54fb5fdc88-768xr][Mon Feb 10 13:12:21 UTC 2025
][collectRule:cr-01 podNs:default pod:ubuntu-hello-54fb5fdc88-768xr][hello world
][collectRule:cr-01 podNs:default pod:ubuntu-hello-54fb5fdc88-nq79b][Mon Feb 10 13:12:16 UTC 2025
][collectRule:cr-01 podNs:default pod:ubuntu-hello-54fb5fdc88-nq79b][hello world
][collectRule:cr-01 podNs:default pod:ubuntu-hello-54fb5fdc88-nq79b][Mon Feb 10 13:12:17 UTC 2025
][collectRule:cr-01 podNs:default pod:ubuntu-hello-54fb5fdc88-nq79b][hello world
][collectRule:cr-01 podNs:default pod:ubuntu-hello-54fb5fdc88-nq79b][Mon Feb 10 13:12:18 UTC 2025
][collectRule:cr-01 podNs:default pod:ubuntu-hello-54fb5fdc88-nq79b][hello world
][collectRule:cr-01 podNs:default pod:ubuntu-hello-54fb5fdc88-nq79b][Mon Feb 10 13:12:19 UTC 2025
][collectRule:cr-01 podNs:default pod:ubuntu-hello-54fb5fdc88-nq79b][hello world
][collectRule:cr-01 podNs:default pod:ubuntu-hello-54fb5fdc88-nq79b][Mon Feb 10 13:12:20 UTC 2025
][collectRule:cr-01 podNs:default pod:ubuntu-hello-54fb5fdc88-nq79b][hello world
][collectRule:cr-01 podNs:default pod:ubuntu-hello-54fb5fdc88-nq79b][Mon Feb 10 13:12:21 UTC 2025
][collectRule:cr-01 podNs:default pod:ubuntu-hello-54fb5fdc88-nq79b][hello world
][collectRule:cr-01 podNs:default pod:ubuntu-hello-54fb5fdc88-nq79b][Mon Feb 10 13:12:22 UTC 2025
][collectRule:cr-01 podNs:default pod:ubuntu-hello-54fb5fdc88-nq79b][hello world
][collectRule:cr-01 podNs:default pod:ubuntu-hello-54fb5fdc88-nq79b][Mon Feb 10 13:12:23 UTC 2025
][collectRule:cr-01 podNs:default pod:ubuntu-hello-54fb5fdc88-nq79b][hello world
][collectRule:cr-01 podNs:default pod:ubuntu-hello-54fb5fdc88-nq79b][Mon Feb 10 13:12:24 UTC 2025
][collectRule:cr-01 podNs:default pod:ubuntu-hello-54fb5fdc88-nq79b][hello world
][collectRule:cr-01 podNs:default pod:ubuntu-hello-54fb5fdc88-nq79b][Mon Feb 10 13:12:25 UTC 2025
][collectRule:cr-01 podNs:default pod:ubuntu-hello-54fb5fdc88-768xr][Mon Feb 10 13:12:22 UTC 2025
][collectRule:cr-01 podNs:default pod:ubuntu-hello-54fb5fdc88-768xr][hello world
][collectRule:cr-01 podNs:default pod:ubuntu-hello-54fb5fdc88-768xr][Mon Feb 10 13:12:23 UTC 2025
][collectRule:cr-01 podNs:default pod:ubuntu-hello-54fb5fdc88-768xr][hello world
][collectRule:cr-01 podNs:default pod:ubuntu-hello-54fb5fdc88-768xr][Mon Feb 10 13:12:24 UTC 2025
][collectRule:cr-01 podNs:default pod:ubuntu-hello-54fb5fdc88-768xr][hello world
][collectRule:cr-01 podNs:default pod:ubuntu-hello-54fb5fdc88-768xr][Mon Feb 10 13:12:25 UTC 2025
][collectRule:cr-01 podNs:default pod:ubuntu-hello-54fb5fdc88-768xr][hello world
][collectRule:cr-01 podNs:default pod:ubuntu-hello-54fb5fdc88-768xr][Mon Feb 10 13:12:26 UTC 2025
][collectRule:cr-01 podNs:default pod:ubuntu-hello-54fb5fdc88-768xr][hello world
][collectRule:cr-01 podNs:default pod:ubuntu-hello-54fb5fdc88-768xr][Mon Feb 10 13:12:27 UTC 2025
][collectRule:cr-01 podNs:default pod:ubuntu-hello-54fb5fdc88-768xr][hello world
][collectRule:cr-01 podNs:default pod:ubuntu-hello-54fb5fdc88-768xr][Mon Feb 10 13:12:28 UTC 2025
][collectRule:cr-01 podNs:default pod:ubuntu-hello-54fb5fdc88-768xr][hello world
][collectRule:cr-01 podNs:default pod:ubuntu-hello-54fb5fdc88-768xr][Mon Feb 10 13:12:29 UTC 2025
][collectRule:cr-01 podNs:default pod:ubuntu-hello-54fb5fdc88-768xr][hello world
][collectRule:cr-01 podNs:default pod:ubuntu-hello-54fb5fdc88-768xr][Mon Feb 10 13:12:30 UTC 2025
][collectRule:cr-01 podNs:default pod:ubuntu-hello-54fb5fdc88-768xr][hello world
][collectRule:cr-01 podNs:default pod:ubuntu-hello-54fb5fdc88-768xr][Mon Feb 10 13:12:31 UTC 2025
][collectRule:cr-01 podNs:default pod:ubuntu-hello-54fb5fdc88-768xr][hello world
][collectRule:cr-01 podNs:default pod:ubuntu-hello-54fb5fdc88-768xr][Mon Feb 10 13:12:32 UTC 2025
][collectRule:cr-01 podNs:default pod:ubuntu-hello-54fb5fdc88-nq79b][hello world
][collectRule:cr-01 podNs:default pod:ubuntu-hello-54fb5fdc88-nq79b][Mon Feb 10 13:12:26 UTC 2025
][collectRule:cr-01 podNs:default pod:ubuntu-hello-54fb5fdc88-nq79b][hello world
][collectRule:cr-01 podNs:default pod:ubuntu-hello-54fb5fdc88-nq79b][Mon Feb 10 13:12:27 UTC 2025
][collectRule:cr-01 podNs:default pod:ubuntu-hello-54fb5fdc88-nq79b][hello world
][collectRule:cr-01 podNs:default pod:ubuntu-hello-54fb5fdc88-nq79b][Mon Feb 10 13:12:28 UTC 2025
][collectRule:cr-01 podNs:default pod:ubuntu-hello-54fb5fdc88-nq79b][hello world
][collectRule:cr-01 podNs:default pod:ubuntu-hello-54fb5fdc88-768xr][hello world
][collectRule:cr-01 podNs:default pod:ubuntu-hello-54fb5fdc88-768xr][Mon Feb 10 13:12:33 UTC 2025
][collectRule:cr-01 podNs:default pod:ubuntu-hello-54fb5fdc88-768xr][hello world
][collectRule:cr-01 podNs:default pod:ubuntu-hello-54fb5fdc88-768xr][Mon Feb 10 13:12:34 UTC 2025
][collectRule:cr-01 podNs:default pod:ubuntu-hello-54fb5fdc88-768xr][hello world
][collectRule:cr-01 podNs:default pod:ubuntu-hello-54fb5fdc88-768xr][Mon Feb 10 13:12:35 UTC 2025
][collectRule:cr-01 podNs:default pod:ubuntu-hello-54fb5fdc88-768xr][hello world
][collectRule:cr-01 podNs:default pod:ubuntu-hello-54fb5fdc88-768xr][Mon Feb 10 13:12:36 UTC 2025
][collectRule:cr-01 podNs:default pod:ubuntu-hello-54fb5fdc88-768xr][hello world
][collectRule:cr-01 podNs:default pod:ubuntu-hello-54fb5fdc88-nq79b][Mon Feb 10 13:12:29 UTC 2025
][collectRule:cr-01 podNs:default pod:ubuntu-hello-54fb5fdc88-nq79b][hello world
][collectRule:cr-01 podNs:default pod:ubuntu-hello-54fb5fdc88-nq79b][Mon Feb 10 13:12:30 UTC 2025
][collectRule:cr-01 podNs:default pod:ubuntu-hello-54fb5fdc88-nq79b][hello world
][collectRule:cr-01 podNs:default pod:ubuntu-hello-54fb5fdc88-nq79b][Mon Feb 10 13:12:31 UTC 2025
][collectRule:cr-01 podNs:default pod:ubuntu-hello-54fb5fdc88-768xr][Mon Feb 10 13:12:37 UTC 2025
][collectRule:cr-01 podNs:default pod:ubuntu-hello-54fb5fdc88-768xr][hello world
][collectRule:cr-01 podNs:default pod:ubuntu-hello-54fb5fdc88-768xr][Mon Feb 10 13:12:38 UTC 2025
][collectRule:cr-01 podNs:default pod:ubuntu-hello-54fb5fdc88-nq79b][hello world
][collectRule:cr-01 podNs:default pod:ubuntu-hello-54fb5fdc88-nq79b][Mon Feb 10 13:12:32 UTC 2025
][collectRule:cr-01 podNs:default pod:ubuntu-hello-54fb5fdc88-nq79b][hello world
][collectRule:cr-01 podNs:default pod:ubuntu-hello-54fb5fdc88-nq79b][Mon Feb 10 13:12:33 UTC 2025
][collectRule:cr-01 podNs:default pod:ubuntu-hello-54fb5fdc88-nq79b][hello world
][collectRule:cr-01 podNs:default pod:ubuntu-hello-54fb5fdc88-nq79b][Mon Feb 10 13:12:34 UTC 2025
][collectRule:cr-01 podNs:default pod:ubuntu-hello-54fb5fdc88-768xr][hello world
][collectRule:cr-01 podNs:default pod:ubuntu-hello-54fb5fdc88-768xr][Mon Feb 10 13:12:39 UTC 2025
][collectRule:cr-01 podNs:default pod:ubuntu-hello-54fb5fdc88-768xr][hello world
][collectRule:cr-01 podNs:default pod:ubuntu-hello-54fb5fdc88-nq79b][hello world
][collectRule:cr-01 podNs:default pod:ubuntu-hello-54fb5fdc88-nq79b][Mon Feb 10 13:12:35 UTC 2025
][collectRule:cr-01 podNs:default pod:ubuntu-hello-54fb5fdc88-768xr][Mon Feb 10 13:12:40 UTC 2025
][collectRule:cr-01 podNs:default pod:ubuntu-hello-54fb5fdc88-nq79b][hello world
][collectRule:cr-01 podNs:default pod:ubuntu-hello-54fb5fdc88-nq79b][Mon Feb 10 13:12:36 UTC 2025
][collectRule:cr-01 podNs:default pod:ubuntu-hello-54fb5fdc88-nq79b][hello world
][collectRule:cr-01 podNs:default pod:ubuntu-hello-54fb5fdc88-nq79b][Mon Feb 10 13:12:37 UTC 2025
][collectRule:cr-01 podNs:default pod:ubuntu-hello-54fb5fdc88-nq79b][hello world
][collectRule:cr-01 podNs:default pod:ubuntu-hello-54fb5fdc88-nq79b][Mon Feb 10 13:12:38 UTC 2025
][collectRule:cr-01 podNs:default pod:ubuntu-hello-54fb5fdc88-nq79b][hello world
][collectRule:cr-01 podNs:default pod:ubuntu-hello-54fb5fdc88-nq79b][Mon Feb 10 13:12:39 UTC 2025
][collectRule:cr-01 podNs:default pod:ubuntu-hello-54fb5fdc88-nq79b][hello world
][collectRule:cr-01 podNs:default pod:ubuntu-hello-54fb5fdc88-nq79b][Mon Feb 10 13:12:40 UTC 2025
][collectRule:cr-01 podNs:default pod:ubuntu-hello-54fb5fdc88-nq79b][hello world
][collectRule:cr-01 podNs:default pod:ubuntu-hello-54fb5fdc88-nq79b][Mon Feb 10 13:12:41 UTC 2025
][collectRule:cr-01 podNs:default pod:ubuntu-hello-54fb5fdc88-768xr][hello world
][collectRule:cr-01 podNs:default pod:ubuntu-hello-54fb5fdc88-768xr][Mon Feb 10 13:12:41 UTC 2025
][collectRule:cr-01 podNs:default pod:ubuntu-hello-54fb5fdc88-768xr][hello world
][collectRule:cr-01 podNs:default pod:ubuntu-hello-54fb5fdc88-768xr][Mon Feb 10 13:12:42 UTC 2025
][collectRule:cr-01 podNs:default pod:ubuntu-hello-54fb5fdc88-768xr][hello world
][collectRule:cr-01 podNs:default pod:ubuntu-hello-54fb5fdc88-768xr][Mon Feb 10 13:12:43 UTC 2025
][collectRule:cr-01 podNs:default pod:ubuntu-hello-54fb5fdc88-768xr][hello world
][collectRule:cr-01 podNs:default pod:ubuntu-hello-54fb5fdc88-nq79b][hello world
][collectRule:cr-01 podNs:default pod:ubuntu-hello-54fb5fdc88-nq79b][Mon Feb 10 13:12:42 UTC 2025
][collectRule:cr-01 podNs:default pod:ubuntu-hello-54fb5fdc88-nq79b][hello world
][collectRule:cr-01 podNs:default pod:ubuntu-hello-54fb5fdc88-nq79b][Mon Feb 10 13:12:43 UTC 2025
][collectRule:cr-01 podNs:default pod:ubuntu-hello-54fb5fdc88-nq79b][hello world
][collectRule:cr-01 podNs:default pod:ubuntu-hello-54fb5fdc88-nq79b][Mon Feb 10 13:12:44 UTC 2025
][collectRule:cr-01 podNs:default pod:ubuntu-hello-54fb5fdc88-nq79b][hello world
][collectRule:cr-01 podNs:default pod:ubuntu-hello-54fb5fdc88-nq79b][Mon Feb 10 13:12:45 UTC 2025
][collectRule:cr-01 podNs:default pod:ubuntu-hello-54fb5fdc88-768xr][Mon Feb 10 13:12:44 UTC 2025
][collectRule:cr-01 podNs:default pod:ubuntu-hello-54fb5fdc88-768xr][hello world
][collectRule:cr-01 podNs:default pod:ubuntu-hello-54fb5fdc88-768xr][Mon Feb 10 13:12:45 UTC 2025
][collectRule:cr-01 podNs:default pod:ubuntu-hello-54fb5fdc88-768xr][hello world
][collectRule:cr-01 podNs:default pod:ubuntu-hello-54fb5fdc88-768xr][Mon Feb 10 13:12:46 UTC 2025
][collectRule:cr-01 podNs:default pod:ubuntu-hello-54fb5fdc88-768xr][hello world
][collectRule:cr-01 podNs:default pod:ubuntu-hello-54fb5fdc88-768xr][Mon Feb 10 13:12:47 UTC 2025
][collectRule:cr-01 podNs:default pod:ubuntu-hello-54fb5fdc88-768xr][hello world
][collectRule:cr-01 podNs:default pod:ubuntu-hello-54fb5fdc88-768xr][Mon Feb 10 13:12:48 UTC 2025
][collectRule:cr-01 podNs:default pod:ubuntu-hello-54fb5fdc88-768xr][hello world
][collectRule:cr-01 podNs:default pod:ubuntu-hello-54fb5fdc88-768xr][Mon Feb 10 13:12:49 UTC 2025
][collectRule:cr-01 podNs:default pod:ubuntu-hello-54fb5fdc88-768xr][hello world
][collectRule:cr-01 podNs:default pod:ubuntu-hello-54fb5fdc88-768xr][Mon Feb 10 13:12:50 UTC 2025
][collectRule:cr-01 podNs:default pod:ubuntu-hello-54fb5fdc88-768xr][hello world
][collectRule:cr-01 podNs:default pod:ubuntu-hello-54fb5fdc88-768xr][Mon Feb 10 13:12:51 UTC 2025
][collectRule:cr-01 podNs:default pod:ubuntu-hello-54fb5fdc88-768xr][hello world
][collectRule:cr-01 podNs:default pod:ubuntu-hello-54fb5fdc88-768xr][Mon Feb 10 13:12:52 UTC 2025
][collectRule:cr-01 podNs:default pod:ubuntu-hello-54fb5fdc88-768xr][hello world
][collectRule:cr-01 podNs:default pod:ubuntu-hello-54fb5fdc88-768xr][Mon Feb 10 13:12:53 UTC 2025
][collectRule:cr-01 podNs:default pod:ubuntu-hello-54fb5fdc88-768xr][hello world
][collectRule:cr-01 podNs:default pod:ubuntu-hello-54fb5fdc88-768xr][Mon Feb 10 13:12:54 UTC 2025
][collectRule:cr-01 podNs:default pod:ubuntu-hello-54fb5fdc88-768xr][hello world
][collectRule:cr-01 podNs:default pod:ubuntu-hello-54fb5fdc88-768xr][Mon Feb 10 13:12:55 UTC 2025
][collectRule:cr-01 podNs:default pod:ubuntu-hello-54fb5fdc88-768xr][hello world
][collectRule:cr-01 podNs:default pod:ubuntu-hello-54fb5fdc88-768xr][Mon Feb 10 13:12:56 UTC 2025
][collectRule:cr-01 podNs:default pod:ubuntu-hello-54fb5fdc88-768xr][hello world
][collectRule:cr-01 podNs:default pod:ubuntu-hello-54fb5fdc88-768xr][Mon Feb 10 13:12:57 UTC 2025
][collectRule:cr-01 podNs:default pod:ubuntu-hello-54fb5fdc88-768xr][hello world
][collectRule:cr-01 podNs:default pod:ubuntu-hello-54fb5fdc88-768xr][Mon Feb 10 13:12:58 UTC 2025
][collectRule:cr-01 podNs:default pod:ubuntu-hello-54fb5fdc88-768xr][hello world
][collectRule:cr-01 podNs:default pod:ubuntu-hello-54fb5fdc88-768xr][Mon Feb 10 13:12:59 UTC 2025
][collectRule:cr-01 podNs:default pod:ubuntu-hello-54fb5fdc88-768xr][hello world
][collectRule:cr-01 podNs:default pod:ubuntu-hello-54fb5fdc88-nq79b][hello world
][collectRule:cr-01 podNs:default pod:ubuntu-hello-54fb5fdc88-nq79b][Mon Feb 10 13:12:46 UTC 2025
][collectRule:cr-01 podNs:default pod:ubuntu-hello-54fb5fdc88-nq79b][hello world
][collectRule:cr-01 podNs:default pod:ubuntu-hello-54fb5fdc88-nq79b][Mon Feb 10 13:12:47 UTC 2025
][collectRule:cr-01 podNs:default pod:ubuntu-hello-54fb5fdc88-768xr][Mon Feb 10 13:13:00 UTC 2025
][collectRule:cr-01 podNs:default pod:ubuntu-hello-54fb5fdc88-768xr][hello world
][collectRule:cr-01 podNs:default pod:ubuntu-hello-54fb5fdc88-768xr][Mon Feb 10 13:13:01 UTC 2025
][collectRule:cr-01 podNs:default pod:ubuntu-hello-54fb5fdc88-768xr][hello world
][collectRule:cr-01 podNs:default pod:ubuntu-hello-54fb5fdc88-768xr][Mon Feb 10 13:13:02 UTC 2025
][collectRule:cr-01 podNs:default pod:ubuntu-hello-54fb5fdc88-768xr][hello world
][collectRule:cr-01 podNs:default pod:ubuntu-hello-54fb5fdc88-768xr][Mon Feb 10 13:13:03 UTC 2025
][collectRule:cr-01 podNs:default pod:ubuntu-hello-54fb5fdc88-nq79b][hello world
][collectRule:cr-01 podNs:default pod:ubuntu-hello-54fb5fdc88-nq79b][Mon Feb 10 13:12:48 UTC 2025
][collectRule:cr-01 podNs:default pod:ubuntu-hello-54fb5fdc88-nq79b][hello world
][collectRule:cr-01 podNs:default pod:ubuntu-hello-54fb5fdc88-nq79b][Mon Feb 10 13:12:49 UTC 2025
][collectRule:cr-01 podNs:default pod:ubuntu-hello-54fb5fdc88-nq79b][hello world
][collectRule:cr-01 podNs:default pod:ubuntu-hello-54fb5fdc88-nq79b][Mon Feb 10 13:12:50 UTC 2025
][collectRule:cr-01 podNs:default pod:ubuntu-hello-54fb5fdc88-nq79b][hello world
][collectRule:cr-01 podNs:default pod:ubuntu-hello-54fb5fdc88-nq79b][Mon Feb 10 13:12:51 UTC 2025
][collectRule:cr-01 podNs:default pod:ubuntu-hello-54fb5fdc88-nq79b][hello world
][collectRule:cr-01 podNs:default pod:ubuntu-hello-54fb5fdc88-nq79b][Mon Feb 10 13:12:52 UTC 2025
][collectRule:cr-01 podNs:default pod:ubuntu-hello-54fb5fdc88-nq79b][hello world
][collectRule:cr-01 podNs:default pod:ubuntu-hello-54fb5fdc88-nq79b][Mon Feb 10 13:12:53 UTC 2025
][collectRule:cr-01 podNs:default pod:ubuntu-hello-54fb5fdc88-nq79b][hello world
][collectRule:cr-01 podNs:default pod:ubuntu-hello-54fb5fdc88-nq79b][Mon Feb 10 13:12:54 UTC 2025
][collectRule:cr-01 podNs:default pod:ubuntu-hello-54fb5fdc88-nq79b][hello world
][collectRule:cr-01 podNs:default pod:ubuntu-hello-54fb5fdc88-nq79b][Mon Feb 10 13:12:55 UTC 2025
][collectRule:cr-01 podNs:default pod:ubuntu-hello-54fb5fdc88-nq79b][hello world
][collectRule:cr-01 podNs:default pod:ubuntu-hello-54fb5fdc88-768xr][hello world
][collectRule:cr-01 podNs:default pod:ubuntu-hello-54fb5fdc88-768xr][Mon Feb 10 13:13:04 UTC 2025
][collectRule:cr-01 podNs:default pod:ubuntu-hello-54fb5fdc88-nq79b][Mon Feb 10 13:12:56 UTC 2025
][collectRule:cr-01 podNs:default pod:ubuntu-hello-54fb5fdc88-768xr][hello world
][collectRule:cr-01 podNs:default pod:ubuntu-hello-54fb5fdc88-nq79b][hello world
][collectRule:cr-01 podNs:default pod:ubuntu-hello-54fb5fdc88-768xr][Mon Feb 10 13:13:05 UTC 2025
][collectRule:cr-01 podNs:default pod:ubuntu-hello-54fb5fdc88-nq79b][Mon Feb 10 13:12:57 UTC 2025
][collectRule:cr-01 podNs:default pod:ubuntu-hello-54fb5fdc88-768xr][hello world
][collectRule:cr-01 podNs:default pod:ubuntu-hello-54fb5fdc88-nq79b][hello world
][collectRule:cr-01 podNs:default pod:ubuntu-hello-54fb5fdc88-nq79b][Mon Feb 10 13:12:58 UTC 2025
][collectRule:cr-01 podNs:default pod:ubuntu-hello-54fb5fdc88-nq79b][hello world
][collectRule:cr-01 podNs:default pod:ubuntu-hello-54fb5fdc88-nq79b][Mon Feb 10 13:12:59 UTC 2025
][collectRule:cr-01 podNs:default pod:ubuntu-hello-54fb5fdc88-nq79b][hello world
][collectRule:cr-01 podNs:default pod:ubuntu-hello-54fb5fdc88-nq79b][Mon Feb 10 13:13:00 UTC 2025
][collectRule:cr-01 podNs:default pod:ubuntu-hello-54fb5fdc88-nq79b][hello world
][collectRule:cr-01 podNs:default pod:ubuntu-hello-54fb5fdc88-nq79b][Mon Feb 10 13:13:01 UTC 2025
][collectRule:cr-01 podNs:default pod:ubuntu-hello-54fb5fdc88-768xr][Mon Feb 10 13:13:06 UTC 2025
][collectRule:cr-01 podNs:default pod:ubuntu-hello-54fb5fdc88-768xr][hello world
][collectRule:cr-01 podNs:default pod:ubuntu-hello-54fb5fdc88-768xr][Mon Feb 10 13:13:07 UTC 2025
][collectRule:cr-01 podNs:default pod:ubuntu-hello-54fb5fdc88-768xr][hello world
][collectRule:cr-01 podNs:default pod:ubuntu-hello-54fb5fdc88-768xr][Mon Feb 10 13:13:08 UTC 2025
][collectRule:cr-01 podNs:default pod:ubuntu-hello-54fb5fdc88-768xr][hello world
][collectRule:cr-01 podNs:default pod:ubuntu-hello-54fb5fdc88-nq79b][hello world
][collectRule:cr-01 podNs:default pod:ubuntu-hello-54fb5fdc88-nq79b][Mon Feb 10 13:13:02 UTC 2025
][collectRule:cr-01 podNs:default pod:ubuntu-hello-54fb5fdc88-nq79b][hello world
][collectRule:cr-01 podNs:default pod:ubuntu-hello-54fb5fdc88-768xr][Mon Feb 10 13:13:09 UTC 2025
][collectRule:cr-01 podNs:default pod:ubuntu-hello-54fb5fdc88-768xr][hello world
][collectRule:cr-01 podNs:default pod:ubuntu-hello-54fb5fdc88-768xr][Mon Feb 10 13:13:10 UTC 2025
][collectRule:cr-01 podNs:default pod:ubuntu-hello-54fb5fdc88-768xr][hello world
][collectRule:cr-01 podNs:default pod:ubuntu-hello-54fb5fdc88-768xr][Mon Feb 10 13:13:11 UTC 2025
][collectRule:cr-01 podNs:default pod:ubuntu-hello-54fb5fdc88-768xr][hello world
][collectRule:cr-01 podNs:default pod:ubuntu-hello-54fb5fdc88-nq79b][Mon Feb 10 13:13:03 UTC 2025
][collectRule:cr-01 podNs:default pod:ubuntu-hello-54fb5fdc88-nq79b][hello world
][collectRule:cr-01 podNs:default pod:ubuntu-hello-54fb5fdc88-nq79b][Mon Feb 10 13:13:04 UTC 2025
][collectRule:cr-01 podNs:default pod:ubuntu-hello-54fb5fdc88-nq79b][hello world
][collectRule:cr-01 podNs:default pod:ubuntu-hello-54fb5fdc88-768xr][Mon Feb 10 13:13:12 UTC 2025
][collectRule:cr-01 podNs:default pod:ubuntu-hello-54fb5fdc88-768xr][hello world
][collectRule:cr-01 podNs:default pod:ubuntu-hello-54fb5fdc88-768xr][Mon Feb 10 13:13:13 UTC 2025
][collectRule:cr-01 podNs:default pod:ubuntu-hello-54fb5fdc88-nq79b][Mon Feb 10 13:13:05 UTC 2025
][collectRule:cr-01 podNs:default pod:ubuntu-hello-54fb5fdc88-nq79b][hello world
][collectRule:cr-01 podNs:default pod:ubuntu-hello-54fb5fdc88-nq79b][Mon Feb 10 13:13:06 UTC 2025
][collectRule:cr-01 podNs:default pod:ubuntu-hello-54fb5fdc88-768xr][hello world
][collectRule:cr-01 podNs:default pod:ubuntu-hello-54fb5fdc88-768xr][Mon Feb 10 13:13:14 UTC 2025
][collectRule:cr-01 podNs:default pod:ubuntu-hello-54fb5fdc88-768xr][hello world
][collectRule:cr-01 podNs:default pod:ubuntu-hello-54fb5fdc88-nq79b][hello world
][collectRule:cr-01 podNs:default pod:ubuntu-hello-54fb5fdc88-768xr][Mon Feb 10 13:13:15 UTC 2025
][collectRule:cr-01 podNs:default pod:ubuntu-hello-54fb5fdc88-nq79b][Mon Feb 10 13:13:07 UTC 2025
][collectRule:cr-01 podNs:default pod:ubuntu-hello-54fb5fdc88-768xr][hello world
][collectRule:cr-01 podNs:default pod:ubuntu-hello-54fb5fdc88-nq79b][hello world
][collectRule:cr-01 podNs:default pod:ubuntu-hello-54fb5fdc88-nq79b][Mon Feb 10 13:13:08 UTC 2025
][collectRule:cr-01 podNs:default pod:ubuntu-hello-54fb5fdc88-768xr][Mon Feb 10 13:13:16 UTC 2025
][collectRule:cr-01 podNs:default pod:ubuntu-hello-54fb5fdc88-nq79b][hello world
][collectRule:cr-01 podNs:default pod:ubuntu-hello-54fb5fdc88-768xr][hello world
][collectRule:cr-01 podNs:default pod:ubuntu-hello-54fb5fdc88-nq79b][Mon Feb 10 13:13:09 UTC 2025
][collectRule:cr-01 podNs:default pod:ubuntu-hello-54fb5fdc88-768xr][Mon Feb 10 13:13:17 UTC 2025
][collectRule:cr-01 podNs:default pod:ubuntu-hello-54fb5fdc88-768xr][hello world
][collectRule:cr-01 podNs:default pod:ubuntu-hello-54fb5fdc88-nq79b][hello world
][collectRule:cr-01 podNs:default pod:ubuntu-hello-54fb5fdc88-nq79b][Mon Feb 10 13:13:10 UTC 2025
][collectRule:cr-01 podNs:default pod:ubuntu-hello-54fb5fdc88-768xr][Mon Feb 10 13:13:18 UTC 2025
][collectRule:cr-01 podNs:default pod:ubuntu-hello-54fb5fdc88-nq79b][hello world
][collectRule:cr-01 podNs:default pod:ubuntu-hello-54fb5fdc88-nq79b][Mon Feb 10 13:13:11 UTC 2025
][collectRule:cr-01 podNs:default pod:ubuntu-hello-54fb5fdc88-nq79b][hello world
][collectRule:cr-01 podNs:default pod:ubuntu-hello-54fb5fdc88-768xr][hello world
][collectRule:cr-01 podNs:default pod:ubuntu-hello-54fb5fdc88-768xr][Mon Feb 10 13:13:19 UTC 2025
][collectRule:cr-01 podNs:default pod:ubuntu-hello-54fb5fdc88-768xr][hello world
][collectRule:cr-01 podNs:default pod:ubuntu-hello-54fb5fdc88-nq79b][Mon Feb 10 13:13:12 UTC 2025
][collectRule:cr-01 podNs:default pod:ubuntu-hello-54fb5fdc88-768xr][Mon Feb 10 13:13:20 UTC 2025
][collectRule:cr-01 podNs:default pod:ubuntu-hello-54fb5fdc88-nq79b][hello world
][collectRule:cr-01 podNs:default pod:ubuntu-hello-54fb5fdc88-nq79b][Mon Feb 10 13:13:13 UTC 2025
][collectRule:cr-01 podNs:default pod:ubuntu-hello-54fb5fdc88-768xr][hello world
][collectRule:cr-01 podNs:default pod:ubuntu-hello-54fb5fdc88-768xr][Mon Feb 10 13:13:21 UTC 2025
][collectRule:cr-01 podNs:default pod:ubuntu-hello-54fb5fdc88-768xr][hello world
][collectRule:cr-01 podNs:default pod:ubuntu-hello-54fb5fdc88-nq79b][hello world
][collectRule:cr-01 podNs:default pod:ubuntu-hello-54fb5fdc88-768xr][Mon Feb 10 13:13:22 UTC 2025
][collectRule:cr-01 podNs:default pod:ubuntu-hello-54fb5fdc88-nq79b][Mon Feb 10 13:13:14 UTC 2025
][collectRule:cr-01 podNs:default pod:ubuntu-hello-54fb5fdc88-nq79b][hello world
][collectRule:cr-01 podNs:default pod:ubuntu-hello-54fb5fdc88-nq79b][Mon Feb 10 13:13:15 UTC 2025
][collectRule:cr-01 podNs:default pod:ubuntu-hello-54fb5fdc88-nq79b][hello world
][collectRule:cr-01 podNs:default pod:ubuntu-hello-54fb5fdc88-768xr][hello world
][collectRule:cr-01 podNs:default pod:ubuntu-hello-54fb5fdc88-768xr][Mon Feb 10 13:13:23 UTC 2025
][collectRule:cr-01 podNs:default pod:ubuntu-hello-54fb5fdc88-768xr][hello world
][collectRule:cr-01 podNs:default pod:ubuntu-hello-54fb5fdc88-nq79b][Mon Feb 10 13:13:16 UTC 2025
][collectRule:cr-01 podNs:default pod:ubuntu-hello-54fb5fdc88-nq79b][hello world
][collectRule:cr-01 podNs:default pod:ubuntu-hello-54fb5fdc88-768xr][Mon Feb 10 13:13:24 UTC 2025
][collectRule:cr-01 podNs:default pod:ubuntu-hello-54fb5fdc88-768xr][hello world
][collectRule:cr-01 podNs:default pod:ubuntu-hello-54fb5fdc88-768xr][Mon Feb 10 13:13:25 UTC 2025
][collectRule:cr-01 podNs:default pod:ubuntu-hello-54fb5fdc88-nq79b][Mon Feb 10 13:13:17 UTC 2025
][collectRule:cr-01 podNs:default pod:ubuntu-hello-54fb5fdc88-nq79b][hello world
][collectRule:cr-01 podNs:default pod:ubuntu-hello-54fb5fdc88-nq79b][Mon Feb 10 13:13:18 UTC 2025
][collectRule:cr-01 podNs:default pod:ubuntu-hello-54fb5fdc88-768xr][hello world
][collectRule:cr-01 podNs:default pod:ubuntu-hello-54fb5fdc88-768xr][Mon Feb 10 13:13:26 UTC 2025
][collectRule:cr-01 podNs:default pod:ubuntu-hello-54fb5fdc88-nq79b][hello world
][collectRule:cr-01 podNs:default pod:ubuntu-hello-54fb5fdc88-768xr][hello world
][collectRule:cr-01 podNs:default pod:ubuntu-hello-54fb5fdc88-nq79b][Mon Feb 10 13:13:19 UTC 2025
][collectRule:cr-01 podNs:default pod:ubuntu-hello-54fb5fdc88-768xr][Mon Feb 10 13:13:27 UTC 2025
][collectRule:cr-01 podNs:default pod:ubuntu-hello-54fb5fdc88-768xr][hello world
][collectRule:cr-01 podNs:default pod:ubuntu-hello-54fb5fdc88-768xr][Mon Feb 10 13:13:28 UTC 2025
][collectRule:cr-01 podNs:default pod:ubuntu-hello-54fb5fdc88-nq79b][hello world
][collectRule:cr-01 podNs:default pod:ubuntu-hello-54fb5fdc88-nq79b][Mon Feb 10 13:13:20 UTC 2025
][collectRule:cr-01 podNs:default pod:ubuntu-hello-54fb5fdc88-768xr][hello world
][collectRule:cr-01 podNs:default pod:ubuntu-hello-54fb5fdc88-nq79b][hello world
][collectRule:cr-01 podNs:default pod:ubuntu-hello-54fb5fdc88-768xr][Mon Feb 10 13:13:29 UTC 2025
][collectRule:cr-01 podNs:default pod:ubuntu-hello-54fb5fdc88-nq79b][Mon Feb 10 13:13:21 UTC 2025
][collectRule:cr-01 podNs:default pod:ubuntu-hello-54fb5fdc88-768xr][hello world
][collectRule:cr-01 podNs:default pod:ubuntu-hello-54fb5fdc88-nq79b][hello world
][collectRule:cr-01 podNs:default pod:ubuntu-hello-54fb5fdc88-nq79b][Mon Feb 10 13:13:22 UTC 2025
][collectRule:cr-01 podNs:default pod:ubuntu-hello-54fb5fdc88-768xr][Mon Feb 10 13:13:30 UTC 2025
][collectRule:cr-01 podNs:default pod:ubuntu-hello-54fb5fdc88-768xr][hello world
][collectRule:cr-01 podNs:default pod:ubuntu-hello-54fb5fdc88-nq79b][hello world
][collectRule:cr-01 podNs:default pod:ubuntu-hello-54fb5fdc88-768xr][Mon Feb 10 13:13:31 UTC 2025
][collectRule:cr-01 podNs:default pod:ubuntu-hello-54fb5fdc88-nq79b][Mon Feb 10 13:13:23 UTC 2025
][collectRule:cr-01 podNs:default pod:ubuntu-hello-54fb5fdc88-768xr][hello world
][collectRule:cr-01 podNs:default pod:ubuntu-hello-54fb5fdc88-nq79b][hello world
][collectRule:cr-01 podNs:default pod:ubuntu-hello-54fb5fdc88-nq79b][Mon Feb 10 13:13:24 UTC 2025
][collectRule:cr-01 podNs:default pod:ubuntu-hello-54fb5fdc88-768xr][Mon Feb 10 13:13:32 UTC 2025
][collectRule:cr-01 podNs:default pod:ubuntu-hello-54fb5fdc88-nq79b][hello world
][collectRule:cr-01 podNs:default pod:ubuntu-hello-54fb5fdc88-nq79b][Mon Feb 10 13:13:25 UTC 2025
][collectRule:cr-01 podNs:default pod:ubuntu-hello-54fb5fdc88-768xr][hello world
][collectRule:cr-01 podNs:default pod:ubuntu-hello-54fb5fdc88-nq79b][hello world
][collectRule:cr-01 podNs:default pod:ubuntu-hello-54fb5fdc88-768xr][Mon Feb 10 13:13:33 UTC 2025
][collectRule:cr-01 podNs:default pod:ubuntu-hello-54fb5fdc88-nq79b][Mon Feb 10 13:13:26 UTC 2025
][collectRule:cr-01 podNs:default pod:ubuntu-hello-54fb5fdc88-768xr][hello world
][collectRule:cr-01 podNs:default pod:ubuntu-hello-54fb5fdc88-768xr][Mon Feb 10 13:13:34 UTC 2025
][collectRule:cr-01 podNs:default pod:ubuntu-hello-54fb5fdc88-nq79b][hello world
][collectRule:cr-01 podNs:default pod:ubuntu-hello-54fb5fdc88-nq79b][Mon Feb 10 13:13:27 UTC 2025
][collectRule:cr-01 podNs:default pod:ubuntu-hello-54fb5fdc88-768xr][hello world
][collectRule:cr-01 podNs:default pod:ubuntu-hello-54fb5fdc88-768xr][Mon Feb 10 13:13:35 UTC 2025
][collectRule:cr-01 podNs:default pod:ubuntu-hello-54fb5fdc88-nq79b][hello world
][collectRule:cr-01 podNs:default pod:ubuntu-hello-54fb5fdc88-768xr][hello world
][collectRule:cr-01 podNs:default pod:ubuntu-hello-54fb5fdc88-nq79b][Mon Feb 10 13:13:28 UTC 2025
][collectRule:cr-01 podNs:default pod:ubuntu-hello-54fb5fdc88-nq79b][hello world
][collectRule:cr-01 podNs:default pod:ubuntu-hello-54fb5fdc88-768xr][Mon Feb 10 13:13:36 UTC 2025
][collectRule:cr-01 podNs:default pod:ubuntu-hello-54fb5fdc88-768xr][hello world
][collectRule:cr-01 podNs:default pod:ubuntu-hello-54fb5fdc88-nq79b][Mon Feb 10 13:13:29 UTC 2025
][collectRule:cr-01 podNs:default pod:ubuntu-hello-54fb5fdc88-nq79b][hello world
][collectRule:cr-01 podNs:default pod:ubuntu-hello-54fb5fdc88-nq79b][Mon Feb 10 13:13:30 UTC 2025
][collectRule:cr-01 podNs:default pod:ubuntu-hello-54fb5fdc88-768xr][Mon Feb 10 13:13:37 UTC 2025
][collectRule:cr-01 podNs:default pod:ubuntu-hello-54fb5fdc88-768xr][hello world
][collectRule:cr-01 podNs:default pod:ubuntu-hello-54fb5fdc88-768xr][Mon Feb 10 13:13:38 UTC 2025
][collectRule:cr-01 podNs:default pod:ubuntu-hello-54fb5fdc88-nq79b][hello world
][collectRule:cr-01 podNs:default pod:ubuntu-hello-54fb5fdc88-768xr][hello world
][collectRule:cr-01 podNs:default pod:ubuntu-hello-54fb5fdc88-nq79b][Mon Feb 10 13:13:31 UTC 2025
][collectRule:cr-01 podNs:default pod:ubuntu-hello-54fb5fdc88-nq79b][hello world
][collectRule:cr-01 podNs:default pod:ubuntu-hello-54fb5fdc88-768xr][Mon Feb 10 13:13:39 UTC 2025
][collectRule:cr-01 podNs:default pod:ubuntu-hello-54fb5fdc88-768xr][hello world
][collectRule:cr-01 podNs:default pod:ubuntu-hello-54fb5fdc88-nq79b][Mon Feb 10 13:13:32 UTC 2025
][collectRule:cr-01 podNs:default pod:ubuntu-hello-54fb5fdc88-nq79b][hello world
][collectRule:cr-01 podNs:default pod:ubuntu-hello-54fb5fdc88-768xr][Mon Feb 10 13:13:40 UTC 2025
][collectRule:cr-01 podNs:default pod:ubuntu-hello-54fb5fdc88-768xr][hello world
][collectRule:cr-01 podNs:default pod:ubuntu-hello-54fb5fdc88-768xr][Mon Feb 10 13:13:41 UTC 2025
][collectRule:cr-01 podNs:default pod:ubuntu-hello-54fb5fdc88-nq79b][Mon Feb 10 13:13:33 UTC 2025
][collectRule:cr-01 podNs:default pod:ubuntu-hello-54fb5fdc88-768xr][hello world
][collectRule:cr-01 podNs:default pod:ubuntu-hello-54fb5fdc88-nq79b][hello world
][collectRule:cr-01 podNs:default pod:ubuntu-hello-54fb5fdc88-nq79b][Mon Feb 10 13:13:34 UTC 2025
][collectRule:cr-01 podNs:default pod:ubuntu-hello-54fb5fdc88-nq79b][hello world
][collectRule:cr-01 podNs:default pod:ubuntu-hello-54fb5fdc88-768xr][Mon Feb 10 13:13:42 UTC 2025
][collectRule:cr-01 podNs:default pod:ubuntu-hello-54fb5fdc88-nq79b][Mon Feb 10 13:13:35 UTC 2025
][collectRule:cr-01 podNs:default pod:ubuntu-hello-54fb5fdc88-768xr][hello world
][collectRule:cr-01 podNs:default pod:ubuntu-hello-54fb5fdc88-768xr][Mon Feb 10 13:13:43 UTC 2025
][collectRule:cr-01 podNs:default pod:ubuntu-hello-54fb5fdc88-nq79b][hello world
][collectRule:cr-01 podNs:default pod:ubuntu-hello-54fb5fdc88-nq79b][Mon Feb 10 13:13:36 UTC 2025
][collectRule:cr-01 podNs:default pod:ubuntu-hello-54fb5fdc88-768xr][hello world
][collectRule:cr-01 podNs:default pod:ubuntu-hello-54fb5fdc88-768xr][Mon Feb 10 13:13:44 UTC 2025
][collectRule:cr-01 podNs:default pod:ubuntu-hello-54fb5fdc88-nq79b][hello world
][collectRule:cr-01 podNs:default pod:ubuntu-hello-54fb5fdc88-768xr][hello world
][collectRule:cr-01 podNs:default pod:ubuntu-hello-54fb5fdc88-nq79b][Mon Feb 10 13:13:37 UTC 2025
][collectRule:cr-01 podNs:default pod:ubuntu-hello-54fb5fdc88-nq79b][hello world
][collectRule:cr-01 podNs:default pod:ubuntu-hello-54fb5fdc88-768xr][Mon Feb 10 13:13:45 UTC 2025
][collectRule:cr-01 podNs:default pod:ubuntu-hello-54fb5fdc88-768xr][hello world
][collectRule:cr-01 podNs:default pod:ubuntu-hello-54fb5fdc88-nq79b][Mon Feb 10 13:13:38 UTC 2025
][collectRule:cr-01 podNs:default pod:ubuntu-hello-54fb5fdc88-nq79b][hello world
][collectRule:cr-01 podNs:default pod:ubuntu-hello-54fb5fdc88-768xr][Mon Feb 10 13:13:46 UTC 2025
][collectRule:cr-01 podNs:default pod:ubuntu-hello-54fb5fdc88-nq79b][Mon Feb 10 13:13:39 UTC 2025
][collectRule:cr-01 podNs:default pod:ubuntu-hello-54fb5fdc88-nq79b][hello world
][collectRule:cr-01 podNs:default pod:ubuntu-hello-54fb5fdc88-nq79b][Mon Feb 10 13:13:40 UTC 2025
][collectRule:cr-01 podNs:default pod:ubuntu-hello-54fb5fdc88-768xr][hello world
][collectRule:cr-01 podNs:default pod:ubuntu-hello-54fb5fdc88-nq79b][hello world
][collectRule:cr-01 podNs:default pod:ubuntu-hello-54fb5fdc88-768xr][Mon Feb 10 13:13:47 UTC 2025
][collectRule:cr-01 podNs:default pod:ubuntu-hello-54fb5fdc88-768xr][hello world
][collectRule:cr-01 podNs:default pod:ubuntu-hello-54fb5fdc88-nq79b][Mon Feb 10 13:13:41 UTC 2025
][collectRule:cr-01 podNs:default pod:ubuntu-hello-54fb5fdc88-nq79b][hello world
][collectRule:cr-01 podNs:default pod:ubuntu-hello-54fb5fdc88-768xr][Mon Feb 10 13:13:48 UTC 2025
][collectRule:cr-01 podNs:default pod:ubuntu-hello-54fb5fdc88-nq79b][Mon Feb 10 13:13:42 UTC 2025
][collectRule:cr-01 podNs:default pod:ubuntu-hello-54fb5fdc88-768xr][hello world
][collectRule:cr-01 podNs:default pod:ubuntu-hello-54fb5fdc88-768xr][Mon Feb 10 13:13:49 UTC 2025
][collectRule:cr-01 podNs:default pod:ubuntu-hello-54fb5fdc88-nq79b][hello world
][collectRule:cr-01 podNs:default pod:ubuntu-hello-54fb5fdc88-768xr][hello world
][collectRule:cr-01 podNs:default pod:ubuntu-hello-54fb5fdc88-nq79b][Mon Feb 10 13:13:43 UTC 2025
][collectRule:cr-01 podNs:default pod:ubuntu-hello-54fb5fdc88-768xr][Mon Feb 10 13:13:50 UTC 2025
][collectRule:cr-01 podNs:default pod:ubuntu-hello-54fb5fdc88-768xr][hello world
][collectRule:cr-01 podNs:default pod:ubuntu-hello-54fb5fdc88-nq79b][hello world
][collectRule:cr-01 podNs:default pod:ubuntu-hello-54fb5fdc88-nq79b][Mon Feb 10 13:13:44 UTC 2025
][collectRule:cr-01 podNs:default pod:ubuntu-hello-54fb5fdc88-768xr][Mon Feb 10 13:13:51 UTC 2025
][collectRule:cr-01 podNs:default pod:ubuntu-hello-54fb5fdc88-nq79b][hello world
][collectRule:cr-01 podNs:default pod:ubuntu-hello-54fb5fdc88-768xr][hello world
][collectRule:cr-01 podNs:default pod:ubuntu-hello-54fb5fdc88-768xr][Mon Feb 10 13:13:52 UTC 2025
][collectRule:cr-01 podNs:default pod:ubuntu-hello-54fb5fdc88-nq79b][Mon Feb 10 13:13:45 UTC 2025
][collectRule:cr-01 podNs:default pod:ubuntu-hello-54fb5fdc88-768xr][hello world
][collectRule:cr-01 podNs:default pod:ubuntu-hello-54fb5fdc88-nq79b][hello world
][collectRule:cr-01 podNs:default pod:ubuntu-hello-54fb5fdc88-768xr][Mon Feb 10 13:13:53 UTC 2025
][collectRule:cr-01 podNs:default pod:ubuntu-hello-54fb5fdc88-nq79b][Mon Feb 10 13:13:46 UTC 2025
][collectRule:cr-01 podNs:default pod:ubuntu-hello-54fb5fdc88-nq79b][hello world
][collectRule:cr-01 podNs:default pod:ubuntu-hello-54fb5fdc88-nq79b][Mon Feb 10 13:13:47 UTC 2025
][collectRule:cr-01 podNs:default pod:ubuntu-hello-54fb5fdc88-768xr][hello world
][collectRule:cr-01 podNs:default pod:ubuntu-hello-54fb5fdc88-768xr][Mon Feb 10 13:13:54 UTC 2025
][collectRule:cr-01 podNs:default pod:ubuntu-hello-54fb5fdc88-768xr][hello world
][collectRule:cr-01 podNs:default pod:ubuntu-hello-54fb5fdc88-nq79b][hello world
][collectRule:cr-01 podNs:default pod:ubuntu-hello-54fb5fdc88-768xr][Mon Feb 10 13:13:55 UTC 2025
][collectRule:cr-01 podNs:default pod:ubuntu-hello-54fb5fdc88-nq79b][Mon Feb 10 13:13:48 UTC 2025
][collectRule:cr-01 podNs:default pod:ubuntu-hello-54fb5fdc88-768xr][hello world
][collectRule:cr-01 podNs:default pod:ubuntu-hello-54fb5fdc88-nq79b][hello world
][collectRule:cr-01 podNs:default pod:ubuntu-hello-54fb5fdc88-768xr][Mon Feb 10 13:13:56 UTC 2025
][collectRule:cr-01 podNs:default pod:ubuntu-hello-54fb5fdc88-nq79b][Mon Feb 10 13:13:49 UTC 2025
][collectRule:cr-01 podNs:default pod:ubuntu-hello-54fb5fdc88-nq79b][hello world
][collectRule:cr-01 podNs:default pod:ubuntu-hello-54fb5fdc88-768xr][hello world
][collectRule:cr-01 podNs:default pod:ubuntu-hello-54fb5fdc88-768xr][Mon Feb 10 13:13:57 UTC 2025
][collectRule:cr-01 podNs:default pod:ubuntu-hello-54fb5fdc88-nq79b][Mon Feb 10 13:13:50 UTC 2025
][collectRule:cr-01 podNs:default pod:ubuntu-hello-54fb5fdc88-768xr][hello world
][collectRule:cr-01 podNs:default pod:ubuntu-hello-54fb5fdc88-nq79b][hello world
][collectRule:cr-01 podNs:default pod:ubuntu-hello-54fb5fdc88-nq79b][Mon Feb 10 13:13:51 UTC 2025
][collectRule:cr-01 podNs:default pod:ubuntu-hello-54fb5fdc88-nq79b][hello world
][collectRule:cr-01 podNs:default pod:ubuntu-hello-54fb5fdc88-768xr][Mon Feb 10 13:13:58 UTC 2025
][collectRule:cr-01 podNs:default pod:ubuntu-hello-54fb5fdc88-768xr][hello world
][collectRule:cr-01 podNs:default pod:ubuntu-hello-54fb5fdc88-nq79b][Mon Feb 10 13:13:52 UTC 2025
][collectRule:cr-01 podNs:default pod:ubuntu-hello-54fb5fdc88-768xr][Mon Feb 10 13:13:59 UTC 2025
][collectRule:cr-01 podNs:default pod:ubuntu-hello-54fb5fdc88-768xr][hello world
][collectRule:cr-01 podNs:default pod:ubuntu-hello-54fb5fdc88-nq79b][hello world
][collectRule:cr-01 podNs:default pod:ubuntu-hello-54fb5fdc88-nq79b][Mon Feb 10 13:13:53 UTC 2025
][collectRule:cr-01 podNs:default pod:ubuntu-hello-54fb5fdc88-768xr][Mon Feb 10 13:14:00 UTC 2025
][collectRule:cr-01 podNs:default pod:ubuntu-hello-54fb5fdc88-768xr][hello world
][collectRule:cr-01 podNs:default pod:ubuntu-hello-54fb5fdc88-nq79b][hello world
][collectRule:cr-01 podNs:default pod:ubuntu-hello-54fb5fdc88-nq79b][Mon Feb 10 13:13:54 UTC 2025
][collectRule:cr-01 podNs:default pod:ubuntu-hello-54fb5fdc88-nq79b][hello world
][collectRule:cr-01 podNs:default pod:ubuntu-hello-54fb5fdc88-nq79b][Mon Feb 10 13:13:55 UTC 2025
][collectRule:cr-01 podNs:default pod:ubuntu-hello-54fb5fdc88-nq79b][hello world
][collectRule:cr-01 podNs:default pod:ubuntu-hello-54fb5fdc88-nq79b][Mon Feb 10 13:13:56 UTC 2025
][collectRule:cr-01 podNs:default pod:ubuntu-hello-54fb5fdc88-nq79b][hello world
][collectRule:cr-01 podNs:default pod:ubuntu-hello-54fb5fdc88-nq79b][Mon Feb 10 13:13:57 UTC 2025
][collectRule:cr-01 podNs:default pod:ubuntu-hello-54fb5fdc88-nq79b][hello world
][collectRule:cr-01 podNs:default pod:ubuntu-hello-54fb5fdc88-nq79b][Mon Feb 10 13:13:58 UTC 2025
][collectRule:cr-01 podNs:default pod:ubuntu-hello-54fb5fdc88-nq79b][hello world
][collectRule:cr-01 podNs:default pod:ubuntu-hello-54fb5fdc88-nq79b][Mon Feb 10 13:13:59 UTC 2025
][collectRule:cr-01 podNs:default pod:ubuntu-hello-54fb5fdc88-nq79b][hello world
][collectRule:cr-01 podNs:default pod:ubuntu-hello-54fb5fdc88-nq79b][Mon Feb 10 13:14:00 UTC 2025
][collectRule:cr-01 podNs:default pod:ubuntu-hello-54fb5fdc88-nq79b][hello world
][collectRule:cr-01 podNs:default pod:ubuntu-hello-54fb5fdc88-768xr][Mon Feb 10 13:14:01 UTC 2025
][collectRule:cr-01 podNs:default pod:ubuntu-hello-54fb5fdc88-768xr][hello world
][collectRule:cr-01 podNs:default pod:ubuntu-hello-54fb5fdc88-nq79b][Mon Feb 10 13:14:01 UTC 2025
][collectRule:cr-01 podNs:default pod:ubuntu-hello-54fb5fdc88-nq79b][hello world
][collectRule:cr-01 podNs:default pod:ubuntu-hello-54fb5fdc88-768xr][Mon Feb 10 13:14:02 UTC 2025
][collectRule:cr-01 podNs:default pod:ubuntu-hello-54fb5fdc88-768xr][hello world
][collectRule:cr-01 podNs:default pod:ubuntu-hello-54fb5fdc88-nq79b][Mon Feb 10 13:14:02 UTC 2025
][collectRule:cr-01 podNs:default pod:ubuntu-hello-54fb5fdc88-nq79b][hello world
][collectRule:cr-01 podNs:default pod:ubuntu-hello-54fb5fdc88-768xr][Mon Feb 10 13:14:03 UTC 2025
][collectRule:cr-01 podNs:default pod:ubuntu-hello-54fb5fdc88-768xr][hello world
][collectRule:cr-01 podNs:default pod:ubuntu-hello-54fb5fdc88-nq79b][Mon Feb 10 13:14:03 UTC 2025
][collectRule:cr-01 podNs:default pod:ubuntu-hello-54fb5fdc88-nq79b][hello world
][collectRule:cr-01 podNs:default pod:ubuntu-hello-54fb5fdc88-768xr][Mon Feb 10 13:14:04 UTC 2025
][collectRule:cr-01 podNs:default pod:ubuntu-hello-54fb5fdc88-768xr][hello world
][collectRule:cr-01 podNs:default pod:ubuntu-hello-54fb5fdc88-nq79b][Mon Feb 10 13:14:04 UTC 2025
][collectRule:cr-01 podNs:default pod:ubuntu-hello-54fb5fdc88-nq79b][hello world
][collectRule:cr-01 podNs:default pod:ubuntu-hello-54fb5fdc88-768xr][Mon Feb 10 13:14:05 UTC 2025
][collectRule:cr-01 podNs:default pod:ubuntu-hello-54fb5fdc88-768xr][hello world
][collectRule:cr-01 podNs:default pod:ubuntu-hello-54fb5fdc88-nq79b][Mon Feb 10 13:14:05 UTC 2025
][collectRule:cr-01 podNs:default pod:ubuntu-hello-54fb5fdc88-nq79b][hello world
][collectRule:cr-01 podNs:default pod:ubuntu-hello-54fb5fdc88-768xr][Mon Feb 10 13:14:06 UTC 2025
][collectRule:cr-01 podNs:default pod:ubuntu-hello-54fb5fdc88-768xr][hello world
][collectRule:cr-01 podNs:default pod:ubuntu-hello-54fb5fdc88-nq79b][Mon Feb 10 13:14:06 UTC 2025
][collectRule:cr-01 podNs:default pod:ubuntu-hello-54fb5fdc88-nq79b][hello world
][collectRule:cr-01 podNs:default pod:ubuntu-hello-54fb5fdc88-768xr][Mon Feb 10 13:14:07 UTC 2025
][collectRule:cr-01 podNs:default pod:ubuntu-hello-54fb5fdc88-768xr][hello world
][collectRule:cr-01 podNs:default pod:ubuntu-hello-54fb5fdc88-nq79b][Mon Feb 10 13:14:07 UTC 2025
][collectRule:cr-01 podNs:default pod:ubuntu-hello-54fb5fdc88-nq79b][hello world
][collectRule:cr-01 podNs:default pod:ubuntu-hello-54fb5fdc88-768xr][Mon Feb 10 13:14:08 UTC 2025
][collectRule:cr-01 podNs:default pod:ubuntu-hello-54fb5fdc88-768xr][hello world
][collectRule:cr-01 podNs:default pod:ubuntu-hello-54fb5fdc88-nq79b][Mon Feb 10 13:14:08 UTC 2025
][collectRule:cr-01 podNs:default pod:ubuntu-hello-54fb5fdc88-nq79b][hello world
][collectRule:cr-01 podNs:default pod:ubuntu-hello-54fb5fdc88-768xr][Mon Feb 10 13:14:09 UTC 2025
][collectRule:cr-01 podNs:default pod:ubuntu-hello-54fb5fdc88-768xr][hello world
][collectRule:cr-01 podNs:default pod:ubuntu-hello-54fb5fdc88-nq79b][Mon Feb 10 13:14:09 UTC 2025
][collectRule:cr-01 podNs:default pod:ubuntu-hello-54fb5fdc88-nq79b][hello world
][collectRule:cr-01 podNs:default pod:ubuntu-hello-54fb5fdc88-768xr][Mon Feb 10 13:14:10 UTC 2025
][collectRule:cr-01 podNs:default pod:ubuntu-hello-54fb5fdc88-768xr][hello world
][collectRule:cr-01 podNs:default pod:ubuntu-hello-54fb5fdc88-nq79b][Mon Feb 10 13:14:10 UTC 2025
][collectRule:cr-01 podNs:default pod:ubuntu-hello-54fb5fdc88-nq79b][hello world
][collectRule:cr-01 podNs:default pod:ubuntu-hello-54fb5fdc88-768xr][Mon Feb 10 13:14:11 UTC 2025
][collectRule:cr-01 podNs:default pod:ubuntu-hello-54fb5fdc88-768xr][hello world
][collectRule:cr-01 podNs:default pod:ubuntu-hello-54fb5fdc88-nq79b][Mon Feb 10 13:14:11 UTC 2025
][collectRule:cr-01 podNs:default pod:ubuntu-hello-54fb5fdc88-nq79b][hello world
][collectRule:cr-01 podNs:default pod:ubuntu-hello-54fb5fdc88-768xr][Mon Feb 10 13:14:12 UTC 2025
][collectRule:cr-01 podNs:default pod:ubuntu-hello-54fb5fdc88-768xr][hello world
][collectRule:cr-01 podNs:default pod:ubuntu-hello-54fb5fdc88-nq79b][Mon Feb 10 13:14:12 UTC 2025
][collectRule:cr-01 podNs:default pod:ubuntu-hello-54fb5fdc88-nq79b][hello world
][collectRule:cr-01 podNs:default pod:ubuntu-hello-54fb5fdc88-768xr][Mon Feb 10 13:14:13 UTC 2025
][collectRule:cr-01 podNs:default pod:ubuntu-hello-54fb5fdc88-768xr][hello world
][collectRule:cr-01 podNs:default pod:ubuntu-hello-54fb5fdc88-nq79b][Mon Feb 10 13:14:13 UTC 2025
][collectRule:cr-01 podNs:default pod:ubuntu-hello-54fb5fdc88-nq79b][hello world
][collectRule:cr-01 podNs:default pod:ubuntu-hello-54fb5fdc88-768xr][Mon Feb 10 13:14:14 UTC 2025
][collectRule:cr-01 podNs:default pod:ubuntu-hello-54fb5fdc88-768xr][hello world
][collectRule:cr-01 podNs:default pod:ubuntu-hello-54fb5fdc88-nq79b][Mon Feb 10 13:14:14 UTC 2025
][collectRule:cr-01 podNs:default pod:ubuntu-hello-54fb5fdc88-nq79b][hello world
][collectRule:cr-01 podNs:default pod:ubuntu-hello-54fb5fdc88-768xr][Mon Feb 10 13:14:15 UTC 2025
][collectRule:cr-01 podNs:default pod:ubuntu-hello-54fb5fdc88-768xr][hello world
][collectRule:cr-01 podNs:default pod:ubuntu-hello-54fb5fdc88-nq79b][Mon Feb 10 13:14:15 UTC 2025
][collectRule:cr-01 podNs:default pod:ubuntu-hello-54fb5fdc88-nq79b][hello world
][collectRule:cr-01 podNs:default pod:ubuntu-hello-54fb5fdc88-768xr][Mon Feb 10 13:14:16 UTC 2025
][collectRule:cr-01 podNs:default pod:ubuntu-hello-54fb5fdc88-768xr][hello world
][collectRule:cr-01 podNs:default pod:ubuntu-hello-54fb5fdc88-nq79b][Mon Feb 10 13:14:16 UTC 2025
][collectRule:cr-01 podNs:default pod:ubuntu-hello-54fb5fdc88-nq79b][hello world
][collectRule:cr-01 podNs:default pod:ubuntu-hello-54fb5fdc88-768xr][Mon Feb 10 13:14:17 UTC 2025
][collectRule:cr-01 podNs:default pod:ubuntu-hello-54fb5fdc88-768xr][hello world
][collectRule:cr-01 podNs:default pod:ubuntu-hello-54fb5fdc88-nq79b][Mon Feb 10 13:14:17 UTC 2025
][collectRule:cr-01 podNs:default pod:ubuntu-hello-54fb5fdc88-nq79b][hello world
][collectRule:cr-01 podNs:default pod:ubuntu-hello-54fb5fdc88-768xr][Mon Feb 10 13:14:18 UTC 2025
][collectRule:cr-01 podNs:default pod:ubuntu-hello-54fb5fdc88-768xr][hello world
][collectRule:cr-01 podNs:default pod:ubuntu-hello-54fb5fdc88-nq79b][Mon Feb 10 13:14:18 UTC 2025
][collectRule:cr-01 podNs:default pod:ubuntu-hello-54fb5fdc88-nq79b][hello world
][collectRule:cr-01 podNs:default pod:ubuntu-hello-54fb5fdc88-768xr][Mon Feb 10 13:14:19 UTC 2025
][collectRule:cr-01 podNs:default pod:ubuntu-hello-54fb5fdc88-768xr][hello world
][collectRule:cr-01 podNs:default pod:ubuntu-hello-54fb5fdc88-nq79b][Mon Feb 10 13:14:19 UTC 2025
][collectRule:cr-01 podNs:default pod:ubuntu-hello-54fb5fdc88-nq79b][hello world
][collectRule:cr-01 podNs:default pod:ubuntu-hello-54fb5fdc88-768xr][Mon Feb 10 13:14:20 UTC 2025
][collectRule:cr-01 podNs:default pod:ubuntu-hello-54fb5fdc88-768xr][hello world
][collectRule:cr-01 podNs:default pod:ubuntu-hello-54fb5fdc88-nq79b][Mon Feb 10 13:14:20 UTC 2025
][collectRule:cr-01 podNs:default pod:ubuntu-hello-54fb5fdc88-nq79b][hello world
][collectRule:cr-01 podNs:default pod:ubuntu-hello-54fb5fdc88-768xr][Mon Feb 10 13:14:21 UTC 2025
][collectRule:cr-01 podNs:default pod:ubuntu-hello-54fb5fdc88-768xr][hello world
][collectRule:cr-01 podNs:default pod:ubuntu-hello-54fb5fdc88-nq79b][Mon Feb 10 13:14:21 UTC 2025
][collectRule:cr-01 podNs:default pod:ubuntu-hello-54fb5fdc88-nq79b][hello world
][collectRule:cr-01 podNs:default pod:ubuntu-hello-54fb5fdc88-768xr][Mon Feb 10 13:14:22 UTC 2025
][collectRule:cr-01 podNs:default pod:ubuntu-hello-54fb5fdc88-768xr][hello world
][collectRule:cr-01 podNs:default pod:ubuntu-hello-54fb5fdc88-nq79b][Mon Feb 10 13:14:22 UTC 2025
][collectRule:cr-01 podNs:default pod:ubuntu-hello-54fb5fdc88-nq79b][hello world
][collectRule:cr-01 podNs:default pod:ubuntu-hello-54fb5fdc88-768xr][Mon Feb 10 13:14:23 UTC 2025
][collectRule:cr-01 podNs:default pod:ubuntu-hello-54fb5fdc88-768xr][hello world
][collectRule:cr-01 podNs:default pod:ubuntu-hello-54fb5fdc88-nq79b][Mon Feb 10 13:14:23 UTC 2025
][collectRule:cr-01 podNs:default pod:ubuntu-hello-54fb5fdc88-nq79b][hello world
][collectRule:cr-01 podNs:default pod:ubuntu-hello-54fb5fdc88-768xr][Mon Feb 10 13:14:24 UTC 2025
][collectRule:cr-01 podNs:default pod:ubuntu-hello-54fb5fdc88-768xr][hello world
][collectRule:cr-01 podNs:default pod:ubuntu-hello-54fb5fdc88-nq79b][Mon Feb 10 13:14:24 UTC 2025
][collectRule:cr-01 podNs:default pod:ubuntu-hello-54fb5fdc88-nq79b][hello world
][collectRule:cr-01 podNs:default pod:ubuntu-hello-54fb5fdc88-768xr][Mon Feb 10 13:14:25 UTC 2025
][collectRule:cr-01 podNs:default pod:ubuntu-hello-54fb5fdc88-768xr][hello world
][collectRule:cr-01 podNs:default pod:ubuntu-hello-54fb5fdc88-nq79b][Mon Feb 10 13:14:25 UTC 2025
][collectRule:cr-01 podNs:default pod:ubuntu-hello-54fb5fdc88-nq79b][hello world
][collectRule:cr-01 podNs:default pod:ubuntu-hello-54fb5fdc88-768xr][Mon Feb 10 13:14:26 UTC 2025
][collectRule:cr-01 podNs:default pod:ubuntu-hello-54fb5fdc88-768xr][hello world
][collectRule:cr-01 podNs:default pod:ubuntu-hello-54fb5fdc88-nq79b][Mon Feb 10 13:14:26 UTC 2025
][collectRule:cr-01 podNs:default pod:ubuntu-hello-54fb5fdc88-nq79b][hello world
][collectRule:cr-01 podNs:default pod:ubuntu-hello-54fb5fdc88-768xr][Mon Feb 10 13:14:27 UTC 2025
][collectRule:cr-01 podNs:default pod:ubuntu-hello-54fb5fdc88-768xr][hello world
][collectRule:cr-01 podNs:default pod:ubuntu-hello-54fb5fdc88-nq79b][Mon Feb 10 13:14:27 UTC 2025
][collectRule:cr-01 podNs:default pod:ubuntu-hello-54fb5fdc88-nq79b][hello world
][collectRule:cr-01 podNs:default pod:ubuntu-hello-54fb5fdc88-768xr][Mon Feb 10 13:14:28 UTC 2025
][collectRule:cr-01 podNs:default pod:ubuntu-hello-54fb5fdc88-768xr][hello world
][collectRule:cr-01 podNs:default pod:ubuntu-hello-54fb5fdc88-nq79b][Mon Feb 10 13:14:28 UTC 2025
][collectRule:cr-01 podNs:default pod:ubuntu-hello-54fb5fdc88-nq79b][hello world
][collectRule:cr-01 podNs:default pod:ubuntu-hello-54fb5fdc88-768xr][Mon Feb 10 13:14:29 UTC 2025
][collectRule:cr-01 podNs:default pod:ubuntu-hello-54fb5fdc88-768xr][hello world
][collectRule:cr-01 podNs:default pod:ubuntu-hello-54fb5fdc88-nq79b][Mon Feb 10 13:14:29 UTC 2025
][collectRule:cr-01 podNs:default pod:ubuntu-hello-54fb5fdc88-nq79b][hello world
][collectRule:cr-01 podNs:default pod:ubuntu-hello-54fb5fdc88-768xr][Mon Feb 10 13:14:30 UTC 2025
][collectRule:cr-01 podNs:default pod:ubuntu-hello-54fb5fdc88-768xr][hello world
][collectRule:cr-01 podNs:default pod:ubuntu-hello-54fb5fdc88-nq79b][Mon Feb 10 13:14:30 UTC 2025
][collectRule:cr-01 podNs:default pod:ubuntu-hello-54fb5fdc88-nq79b][hello world
][collectRule:cr-01 podNs:default pod:ubuntu-hello-54fb5fdc88-768xr][Mon Feb 10 13:14:31 UTC 2025
][collectRule:cr-01 podNs:default pod:ubuntu-hello-54fb5fdc88-768xr][hello world
][collectRule:cr-01 podNs:default pod:ubuntu-hello-54fb5fdc88-nq79b][Mon Feb 10 13:14:31 UTC 2025
][collectRule:cr-01 podNs:default pod:ubuntu-hello-54fb5fdc88-nq79b][hello world
][collectRule:cr-01 podNs:default pod:ubuntu-hello-54fb5fdc88-768xr][Mon Feb 10 13:14:32 UTC 2025
][collectRule:cr-01 podNs:default pod:ubuntu-hello-54fb5fdc88-768xr][hello world
][collectRule:cr-01 podNs:default pod:ubuntu-hello-54fb5fdc88-nq79b][Mon Feb 10 13:14:32 UTC 2025
][collectRule:cr-01 podNs:default pod:ubuntu-hello-54fb5fdc88-nq79b][hello world
][collectRule:cr-01 podNs:default pod:ubuntu-hello-54fb5fdc88-768xr][Mon Feb 10 13:14:33 UTC 2025
][collectRule:cr-01 podNs:default pod:ubuntu-hello-54fb5fdc88-768xr][hello world
][collectRule:cr-01 podNs:default pod:ubuntu-hello-54fb5fdc88-nq79b][Mon Feb 10 13:14:33 UTC 2025
][collectRule:cr-01 podNs:default pod:ubuntu-hello-54fb5fdc88-nq79b][hello world
][collectRule:cr-01 podNs:default pod:ubuntu-hello-54fb5fdc88-768xr][Mon Feb 10 13:14:34 UTC 2025
][collectRule:cr-01 podNs:default pod:ubuntu-hello-54fb5fdc88-768xr][hello world
][collectRule:cr-01 podNs:default pod:ubuntu-hello-54fb5fdc88-nq79b][Mon Feb 10 13:14:34 UTC 2025
][collectRule:cr-01 podNs:default pod:ubuntu-hello-54fb5fdc88-nq79b][hello world
][collectRule:cr-01 podNs:default pod:ubuntu-hello-54fb5fdc88-768xr][Mon Feb 10 13:14:35 UTC 2025
][collectRule:cr-01 podNs:default pod:ubuntu-hello-54fb5fdc88-768xr][hello world
][collectRule:cr-01 podNs:default pod:ubuntu-hello-54fb5fdc88-nq79b][Mon Feb 10 13:14:35 UTC 2025
][collectRule:cr-01 podNs:default pod:ubuntu-hello-54fb5fdc88-nq79b][hello world
][collectRule:cr-01 podNs:default pod:ubuntu-hello-54fb5fdc88-768xr][Mon Feb 10 13:14:36 UTC 2025
][collectRule:cr-01 podNs:default pod:ubuntu-hello-54fb5fdc88-768xr][hello world
][collectRule:cr-01 podNs:default pod:ubuntu-hello-54fb5fdc88-nq79b][Mon Feb 10 13:14:36 UTC 2025
][collectRule:cr-01 podNs:default pod:ubuntu-hello-54fb5fdc88-nq79b][hello world
][collectRule:cr-01 podNs:default pod:ubuntu-hello-54fb5fdc88-768xr][Mon Feb 10 13:14:37 UTC 2025
][collectRule:cr-01 podNs:default pod:ubuntu-hello-54fb5fdc88-768xr][hello world
][collectRule:cr-01 podNs:default pod:ubuntu-hello-54fb5fdc88-nq79b][Mon Feb 10 13:14:37 UTC 2025
][collectRule:cr-01 podNs:default pod:ubuntu-hello-54fb5fdc88-nq79b][hello world
][collectRule:cr-01 podNs:default pod:ubuntu-hello-54fb5fdc88-768xr][Mon Feb 10 13:14:38 UTC 2025
][collectRule:cr-01 podNs:default pod:ubuntu-hello-54fb5fdc88-768xr][hello world
][collectRule:cr-01 podNs:default pod:ubuntu-hello-54fb5fdc88-nq79b][Mon Feb 10 13:14:38 UTC 2025
][collectRule:cr-01 podNs:default pod:ubuntu-hello-54fb5fdc88-nq79b][hello world
][collectRule:cr-01 podNs:default pod:ubuntu-hello-54fb5fdc88-768xr][Mon Feb 10 13:14:39 UTC 2025
][collectRule:cr-01 podNs:default pod:ubuntu-hello-54fb5fdc88-768xr][hello world
][collectRule:cr-01 podNs:default pod:ubuntu-hello-54fb5fdc88-nq79b][Mon Feb 10 13:14:39 UTC 2025
][collectRule:cr-01 podNs:default pod:ubuntu-hello-54fb5fdc88-nq79b][hello world
][collectRule:cr-01 podNs:default pod:ubuntu-hello-54fb5fdc88-768xr][Mon Feb 10 13:14:40 UTC 2025
][collectRule:cr-01 podNs:default pod:ubuntu-hello-54fb5fdc88-768xr][hello world
][collectRule:cr-01 podNs:default pod:ubuntu-hello-54fb5fdc88-nq79b][Mon Feb 10 13:14:40 UTC 2025
][collectRule:cr-01 podNs:default pod:ubuntu-hello-54fb5fdc88-nq79b][hello world
][collectRule:cr-01 podNs:default pod:ubuntu-hello-54fb5fdc88-768xr][Mon Feb 10 13:14:41 UTC 2025
][collectRule:cr-01 podNs:default pod:ubuntu-hello-54fb5fdc88-768xr][hello world
][collectRule:cr-01 podNs:default pod:ubuntu-hello-54fb5fdc88-nq79b][Mon Feb 10 13:14:41 UTC 2025
][collectRule:cr-01 podNs:default pod:ubuntu-hello-54fb5fdc88-nq79b][hello world
][collectRule:cr-01 podNs:default pod:ubuntu-hello-54fb5fdc88-768xr][Mon Feb 10 13:14:42 UTC 2025
][collectRule:cr-01 podNs:default pod:ubuntu-hello-54fb5fdc88-768xr][hello world
][collectRule:cr-01 podNs:default pod:ubuntu-hello-54fb5fdc88-nq79b][Mon Feb 10 13:14:42 UTC 2025
][collectRule:cr-01 podNs:default pod:ubuntu-hello-54fb5fdc88-nq79b][hello world
][collectRule:cr-01 podNs:default pod:ubuntu-hello-54fb5fdc88-768xr][Mon Feb 10 13:14:43 UTC 2025
][collectRule:cr-01 podNs:default pod:ubuntu-hello-54fb5fdc88-768xr][hello world
][collectRule:cr-01 podNs:default pod:ubuntu-hello-54fb5fdc88-nq79b][Mon Feb 10 13:14:43 UTC 2025
][collectRule:cr-01 podNs:default pod:ubuntu-hello-54fb5fdc88-nq79b][hello world
][collectRule:cr-01 podNs:default pod:ubuntu-hello-54fb5fdc88-768xr][Mon Feb 10 13:14:44 UTC 2025
][collectRule:cr-01 podNs:default pod:ubuntu-hello-54fb5fdc88-768xr][hello world
][collectRule:cr-01 podNs:default pod:ubuntu-hello-54fb5fdc88-nq79b][Mon Feb 10 13:14:44 UTC 2025
][collectRule:cr-01 podNs:default pod:ubuntu-hello-54fb5fdc88-nq79b][hello world
][collectRule:cr-01 podNs:default pod:ubuntu-hello-54fb5fdc88-768xr][Mon Feb 10 13:14:45 UTC 2025
][collectRule:cr-01 podNs:default pod:ubuntu-hello-54fb5fdc88-768xr][hello world
][collectRule:cr-01 podNs:default pod:ubuntu-hello-54fb5fdc88-nq79b][Mon Feb 10 13:14:45 UTC 2025
][collectRule:cr-01 podNs:default pod:ubuntu-hello-54fb5fdc88-nq79b][hello world
][collectRule:cr-01 podNs:default pod:ubuntu-hello-54fb5fdc88-768xr][Mon Feb 10 13:14:46 UTC 2025
][collectRule:cr-01 podNs:default pod:ubuntu-hello-54fb5fdc88-768xr][hello world
][collectRule:cr-01 podNs:default pod:ubuntu-hello-54fb5fdc88-nq79b][Mon Feb 10 13:14:46 UTC 2025
][collectRule:cr-01 podNs:default pod:ubuntu-hello-54fb5fdc88-nq79b][hello world
][collectRule:cr-01 podNs:default pod:ubuntu-hello-54fb5fdc88-768xr][Mon Feb 10 13:14:47 UTC 2025
][collectRule:cr-01 podNs:default pod:ubuntu-hello-54fb5fdc88-768xr][hello world
][collectRule:cr-01 podNs:default pod:ubuntu-hello-54fb5fdc88-nq79b][Mon Feb 10 13:14:47 UTC 2025
][collectRule:cr-01 podNs:default pod:ubuntu-hello-54fb5fdc88-nq79b][hello world
][collectRule:cr-01 podNs:default pod:ubuntu-hello-54fb5fdc88-768xr][Mon Feb 10 13:14:48 UTC 2025
][collectRule:cr-01 podNs:default pod:ubuntu-hello-54fb5fdc88-768xr][hello world
][collectRule:cr-01 podNs:default pod:ubuntu-hello-54fb5fdc88-nq79b][Mon Feb 10 13:14:48 UTC 2025
][collectRule:cr-01 podNs:default pod:ubuntu-hello-54fb5fdc88-nq79b][hello world
][collectRule:cr-01 podNs:default pod:ubuntu-hello-54fb5fdc88-768xr][Mon Feb 10 13:14:49 UTC 2025
][collectRule:cr-01 podNs:default pod:ubuntu-hello-54fb5fdc88-768xr][hello world
][collectRule:cr-01 podNs:default pod:ubuntu-hello-54fb5fdc88-nq79b][Mon Feb 10 13:14:49 UTC 2025
][collectRule:cr-01 podNs:default pod:ubuntu-hello-54fb5fdc88-nq79b][hello world
][collectRule:cr-01 podNs:default pod:ubuntu-hello-54fb5fdc88-768xr][Mon Feb 10 13:14:50 UTC 2025
][collectRule:cr-01 podNs:default pod:ubuntu-hello-54fb5fdc88-768xr][hello world
][collectRule:cr-01 podNs:default pod:ubuntu-hello-54fb5fdc88-nq79b][Mon Feb 10 13:14:50 UTC 2025
][collectRule:cr-01 podNs:default pod:ubuntu-hello-54fb5fdc88-nq79b][hello world
][collectRule:cr-01 podNs:default pod:ubuntu-hello-54fb5fdc88-768xr][Mon Feb 10 13:14:51 UTC 2025
][collectRule:cr-01 podNs:default pod:ubuntu-hello-54fb5fdc88-768xr][hello world
][collectRule:cr-01 podNs:default pod:ubuntu-hello-54fb5fdc88-nq79b][Mon Feb 10 13:14:51 UTC 2025
][collectRule:cr-01 podNs:default pod:ubuntu-hello-54fb5fdc88-nq79b][hello world
][collectRule:cr-01 podNs:default pod:ubuntu-hello-54fb5fdc88-768xr][Mon Feb 10 13:14:52 UTC 2025
][collectRule:cr-01 podNs:default pod:ubuntu-hello-54fb5fdc88-768xr][hello world
][collectRule:cr-01 podNs:default pod:ubuntu-hello-54fb5fdc88-nq79b][Mon Feb 10 13:14:52 UTC 2025
][collectRule:cr-01 podNs:default pod:ubuntu-hello-54fb5fdc88-nq79b][hello world
][collectRule:cr-01 podNs:default pod:ubuntu-hello-54fb5fdc88-768xr][Mon Feb 10 13:14:53 UTC 2025
][collectRule:cr-01 podNs:default pod:ubuntu-hello-54fb5fdc88-768xr][hello world
][collectRule:cr-01 podNs:default pod:ubuntu-hello-54fb5fdc88-nq79b][Mon Feb 10 13:14:53 UTC 2025
][collectRule:cr-01 podNs:default pod:ubuntu-hello-54fb5fdc88-nq79b][hello world
][collectRule:cr-01 podNs:default pod:ubuntu-hello-54fb5fdc88-768xr][Mon Feb 10 13:14:54 UTC 2025
][collectRule:cr-01 podNs:default pod:ubuntu-hello-54fb5fdc88-768xr][hello world
][collectRule:cr-01 podNs:default pod:ubuntu-hello-54fb5fdc88-nq79b][Mon Feb 10 13:14:54 UTC 2025
][collectRule:cr-01 podNs:default pod:ubuntu-hello-54fb5fdc88-nq79b][hello world
][collectRule:cr-01 podNs:default pod:ubuntu-hello-54fb5fdc88-768xr][Mon Feb 10 13:14:55 UTC 2025
][collectRule:cr-01 podNs:default pod:ubuntu-hello-54fb5fdc88-768xr][hello world
][collectRule:cr-01 podNs:default pod:ubuntu-hello-54fb5fdc88-nq79b][Mon Feb 10 13:14:55 UTC 2025
][collectRule:cr-01 podNs:default pod:ubuntu-hello-54fb5fdc88-nq79b][hello world
][collectRule:cr-01 podNs:default pod:ubuntu-hello-54fb5fdc88-768xr][Mon Feb 10 13:14:56 UTC 2025
][collectRule:cr-01 podNs:default pod:ubuntu-hello-54fb5fdc88-768xr][hello world
][collectRule:cr-01 podNs:default pod:ubuntu-hello-54fb5fdc88-nq79b][Mon Feb 10 13:14:56 UTC 2025
][collectRule:cr-01 podNs:default pod:ubuntu-hello-54fb5fdc88-nq79b][hello world
][collectRule:cr-01 podNs:default pod:ubuntu-hello-54fb5fdc88-768xr][Mon Feb 10 13:14:57 UTC 2025
][collectRule:cr-01 podNs:default pod:ubuntu-hello-54fb5fdc88-768xr][hello world
][collectRule:cr-01 podNs:default pod:ubuntu-hello-54fb5fdc88-nq79b][Mon Feb 10 13:14:57 UTC 2025
][collectRule:cr-01 podNs:default pod:ubuntu-hello-54fb5fdc88-nq79b][hello world
][collectRule:cr-01 podNs:default pod:ubuntu-hello-54fb5fdc88-768xr][Mon Feb 10 13:14:58 UTC 2025
][collectRule:cr-01 podNs:default pod:ubuntu-hello-54fb5fdc88-768xr][hello world
][collectRule:cr-01 podNs:default pod:ubuntu-hello-54fb5fdc88-nq79b][Mon Feb 10 13:14:58 UTC 2025
][collectRule:cr-01 podNs:default pod:ubuntu-hello-54fb5fdc88-nq79b][hello world
][collectRule:cr-01 podNs:default pod:ubuntu-hello-54fb5fdc88-768xr][Mon Feb 10 13:14:59 UTC 2025
][collectRule:cr-01 podNs:default pod:ubuntu-hello-54fb5fdc88-768xr][hello world
][collectRule:cr-01 podNs:default pod:ubuntu-hello-54fb5fdc88-nq79b][Mon Feb 10 13:14:59 UTC 2025
][collectRule:cr-01 podNs:default pod:ubuntu-hello-54fb5fdc88-nq79b][hello world
][collectRule:cr-01 podNs:default pod:ubuntu-hello-54fb5fdc88-768xr][Mon Feb 10 13:15:00 UTC 2025
][collectRule:cr-01 podNs:default pod:ubuntu-hello-54fb5fdc88-768xr][hello world
][collectRule:cr-01 podNs:default pod:ubuntu-hello-54fb5fdc88-nq79b][Mon Feb 10 13:15:00 UTC 2025
][collectRule:cr-01 podNs:default pod:ubuntu-hello-54fb5fdc88-nq79b][hello world
][collectRule:cr-01 podNs:default pod:ubuntu-hello-54fb5fdc88-768xr][Mon Feb 10 13:15:01 UTC 2025
][collectRule:cr-01 podNs:default pod:ubuntu-hello-54fb5fdc88-768xr][hello world
][collectRule:cr-01 podNs:default pod:ubuntu-hello-54fb5fdc88-nq79b][Mon Feb 10 13:15:01 UTC 2025
][collectRule:cr-01 podNs:default pod:ubuntu-hello-54fb5fdc88-nq79b][hello world
][collectRule:cr-01 podNs:default pod:ubuntu-hello-54fb5fdc88-768xr][Mon Feb 10 13:15:02 UTC 2025
][collectRule:cr-01 podNs:default pod:ubuntu-hello-54fb5fdc88-768xr][hello world
][collectRule:cr-01 podNs:default pod:ubuntu-hello-54fb5fdc88-nq79b][Mon Feb 10 13:15:02 UTC 2025
][collectRule:cr-01 podNs:default pod:ubuntu-hello-54fb5fdc88-nq79b][hello world
][collectRule:cr-01 podNs:default pod:ubuntu-hello-54fb5fdc88-768xr][Mon Feb 10 13:15:03 UTC 2025
][collectRule:cr-01 podNs:default pod:ubuntu-hello-54fb5fdc88-768xr][hello world
][collectRule:cr-01 podNs:default pod:ubuntu-hello-54fb5fdc88-nq79b][Mon Feb 10 13:15:03 UTC 2025
][collectRule:cr-01 podNs:default pod:ubuntu-hello-54fb5fdc88-nq79b][hello world
][collectRule:cr-01 podNs:default pod:ubuntu-hello-54fb5fdc88-768xr][Mon Feb 10 13:15:04 UTC 2025
][collectRule:cr-01 podNs:default pod:ubuntu-hello-54fb5fdc88-768xr][hello world
][collectRule:cr-01 podNs:default pod:ubuntu-hello-54fb5fdc88-nq79b][Mon Feb 10 13:15:04 UTC 2025
][collectRule:cr-01 podNs:default pod:ubuntu-hello-54fb5fdc88-nq79b][hello world
][collectRule:cr-01 podNs:default pod:ubuntu-hello-54fb5fdc88-768xr][Mon Feb 10 13:15:05 UTC 2025
][collectRule:cr-01 podNs:default pod:ubuntu-hello-54fb5fdc88-768xr][hello world
][collectRule:cr-01 podNs:default pod:ubuntu-hello-54fb5fdc88-nq79b][Mon Feb 10 13:15:05 UTC 2025
][collectRule:cr-01 podNs:default pod:ubuntu-hello-54fb5fdc88-nq79b][hello world
][collectRule:cr-01 podNs:default pod:ubuntu-hello-54fb5fdc88-768xr][Mon Feb 10 13:15:06 UTC 2025
][collectRule:cr-01 podNs:default pod:ubuntu-hello-54fb5fdc88-768xr][hello world
][collectRule:cr-01 podNs:default pod:ubuntu-hello-54fb5fdc88-nq79b][Mon Feb 10 13:15:06 UTC 2025
][collectRule:cr-01 podNs:default pod:ubuntu-hello-54fb5fdc88-nq79b][hello world
][collectRule:cr-01 podNs:default pod:ubuntu-hello-54fb5fdc88-768xr][Mon Feb 10 13:15:07 UTC 2025
][collectRule:cr-01 podNs:default pod:ubuntu-hello-54fb5fdc88-768xr][hello world
][collectRule:cr-01 podNs:default pod:ubuntu-hello-54fb5fdc88-nq79b][Mon Feb 10 13:15:07 UTC 2025
][collectRule:cr-01 podNs:default pod:ubuntu-hello-54fb5fdc88-nq79b][hello world
][collectRule:cr-01 podNs:default pod:ubuntu-hello-54fb5fdc88-768xr][Mon Feb 10 13:15:08 UTC 2025
][collectRule:cr-01 podNs:default pod:ubuntu-hello-54fb5fdc88-768xr][hello world
][collectRule:cr-01 podNs:default pod:ubuntu-hello-54fb5fdc88-nq79b][Mon Feb 10 13:15:08 UTC 2025
][collectRule:cr-01 podNs:default pod:ubuntu-hello-54fb5fdc88-nq79b][hello world
][collectRule:cr-01 podNs:default pod:ubuntu-hello-54fb5fdc88-768xr][Mon Feb 10 13:15:09 UTC 2025
][collectRule:cr-01 podNs:default pod:ubuntu-hello-54fb5fdc88-768xr][hello world
][collectRule:cr-01 podNs:default pod:ubuntu-hello-54fb5fdc88-nq79b][Mon Feb 10 13:15:09 UTC 2025
][collectRule:cr-01 podNs:default pod:ubuntu-hello-54fb5fdc88-nq79b][hello world
][collectRule:cr-01 podNs:default pod:ubuntu-hello-54fb5fdc88-768xr][Mon Feb 10 13:15:10 UTC 2025
][collectRule:cr-01 podNs:default pod:ubuntu-hello-54fb5fdc88-768xr][hello world
][collectRule:cr-01 podNs:default pod:ubuntu-hello-54fb5fdc88-nq79b][Mon Feb 10 13:15:10 UTC 2025
][collectRule:cr-01 podNs:default pod:ubuntu-hello-54fb5fdc88-nq79b][hello world
][collectRule:cr-01 podNs:default pod:ubuntu-hello-54fb5fdc88-768xr][Mon Feb 10 13:15:11 UTC 2025
][collectRule:cr-01 podNs:default pod:ubuntu-hello-54fb5fdc88-768xr][hello world
][collectRule:cr-01 podNs:default pod:ubuntu-hello-54fb5fdc88-nq79b][Mon Feb 10 13:15:11 UTC 2025
][collectRule:cr-01 podNs:default pod:ubuntu-hello-54fb5fdc88-nq79b][hello world
][collectRule:cr-01 podNs:default pod:ubuntu-hello-54fb5fdc88-768xr][Mon Feb 10 13:15:12 UTC 2025
][collectRule:cr-01 podNs:default pod:ubuntu-hello-54fb5fdc88-768xr][hello world
][collectRule:cr-01 podNs:default pod:ubuntu-hello-54fb5fdc88-nq79b][Mon Feb 10 13:15:12 UTC 2025
][collectRule:cr-01 podNs:default pod:ubuntu-hello-54fb5fdc88-nq79b][hello world
][collectRule:cr-01 podNs:default pod:ubuntu-hello-54fb5fdc88-768xr][Mon Feb 10 13:15:13 UTC 2025
][collectRule:cr-01 podNs:default pod:ubuntu-hello-54fb5fdc88-768xr][hello world
][collectRule:cr-01 podNs:default pod:ubuntu-hello-54fb5fdc88-nq79b][Mon Feb 10 13:15:13 UTC 2025
][collectRule:cr-01 podNs:default pod:ubuntu-hello-54fb5fdc88-nq79b][hello world
][collectRule:cr-01 podNs:default pod:ubuntu-hello-54fb5fdc88-768xr][Mon Feb 10 13:15:14 UTC 2025
][collectRule:cr-01 podNs:default pod:ubuntu-hello-54fb5fdc88-768xr][hello world
][collectRule:cr-01 podNs:default pod:ubuntu-hello-54fb5fdc88-nq79b][Mon Feb 10 13:15:14 UTC 2025
][collectRule:cr-01 podNs:default pod:ubuntu-hello-54fb5fdc88-nq79b][hello world
][collectRule:cr-01 podNs:default pod:ubuntu-hello-54fb5fdc88-768xr][Mon Feb 10 13:15:15 UTC 2025
][collectRule:cr-01 podNs:default pod:ubuntu-hello-54fb5fdc88-768xr][hello world
][collectRule:cr-01 podNs:default pod:ubuntu-hello-54fb5fdc88-nq79b][Mon Feb 10 13:15:15 UTC 2025
][collectRule:cr-01 podNs:default pod:ubuntu-hello-54fb5fdc88-nq79b][hello world
][collectRule:cr-01 podNs:default pod:ubuntu-hello-54fb5fdc88-768xr][Mon Feb 10 13:15:16 UTC 2025
][collectRule:cr-01 podNs:default pod:ubuntu-hello-54fb5fdc88-768xr][hello world
][collectRule:cr-01 podNs:default pod:ubuntu-hello-54fb5fdc88-nq79b][Mon Feb 10 13:15:16 UTC 2025
][collectRule:cr-01 podNs:default pod:ubuntu-hello-54fb5fdc88-nq79b][hello world
][collectRule:cr-01 podNs:default pod:ubuntu-hello-54fb5fdc88-768xr][Mon Feb 10 13:15:17 UTC 2025
][collectRule:cr-01 podNs:default pod:ubuntu-hello-54fb5fdc88-768xr][hello world
][collectRule:cr-01 podNs:default pod:ubuntu-hello-54fb5fdc88-nq79b][Mon Feb 10 13:15:17 UTC 2025
][collectRule:cr-01 podNs:default pod:ubuntu-hello-54fb5fdc88-nq79b][hello world
][collectRule:cr-01 podNs:default pod:ubuntu-hello-54fb5fdc88-768xr][Mon Feb 10 13:15:18 UTC 2025
][collectRule:cr-01 podNs:default pod:ubuntu-hello-54fb5fdc88-768xr][hello world
][collectRule:cr-01 podNs:default pod:ubuntu-hello-54fb5fdc88-nq79b][Mon Feb 10 13:15:18 UTC 2025
][collectRule:cr-01 podNs:default pod:ubuntu-hello-54fb5fdc88-nq79b][hello world
][collectRule:cr-01 podNs:default pod:ubuntu-hello-54fb5fdc88-768xr][Mon Feb 10 13:15:19 UTC 2025
][collectRule:cr-01 podNs:default pod:ubuntu-hello-54fb5fdc88-768xr][hello world
][collectRule:cr-01 podNs:default pod:ubuntu-hello-54fb5fdc88-nq79b][Mon Feb 10 13:15:19 UTC 2025
][collectRule:cr-01 podNs:default pod:ubuntu-hello-54fb5fdc88-nq79b][hello world
][collectRule:cr-01 podNs:default pod:ubuntu-hello-54fb5fdc88-768xr][Mon Feb 10 13:15:20 UTC 2025
][collectRule:cr-01 podNs:default pod:ubuntu-hello-54fb5fdc88-768xr][hello world
][collectRule:cr-01 podNs:default pod:ubuntu-hello-54fb5fdc88-nq79b][Mon Feb 10 13:15:20 UTC 2025
][collectRule:cr-01 podNs:default pod:ubuntu-hello-54fb5fdc88-nq79b][hello world
][collectRule:cr-01 podNs:default pod:ubuntu-hello-54fb5fdc88-768xr][Mon Feb 10 13:15:21 UTC 2025
][collectRule:cr-01 podNs:default pod:ubuntu-hello-54fb5fdc88-768xr][hello world
][collectRule:cr-01 podNs:default pod:ubuntu-hello-54fb5fdc88-nq79b][Mon Feb 10 13:15:21 UTC 2025
][collectRule:cr-01 podNs:default pod:ubuntu-hello-54fb5fdc88-nq79b][hello world
][collectRule:cr-01 podNs:default pod:ubuntu-hello-54fb5fdc88-768xr][Mon Feb 10 13:15:22 UTC 2025
][collectRule:cr-01 podNs:default pod:ubuntu-hello-54fb5fdc88-768xr][hello world
][collectRule:cr-01 podNs:default pod:ubuntu-hello-54fb5fdc88-nq79b][Mon Feb 10 13:15:22 UTC 2025
][collectRule:cr-01 podNs:default pod:ubuntu-hello-54fb5fdc88-nq79b][hello world
][collectRule:cr-01 podNs:default pod:ubuntu-hello-54fb5fdc88-768xr][Mon Feb 10 13:15:23 UTC 2025
][collectRule:cr-01 podNs:default pod:ubuntu-hello-54fb5fdc88-768xr][hello world
][collectRule:cr-01 podNs:default pod:ubuntu-hello-54fb5fdc88-nq79b][Mon Feb 10 13:15:23 UTC 2025
][collectRule:cr-01 podNs:default pod:ubuntu-hello-54fb5fdc88-nq79b][hello world
][collectRule:cr-01 podNs:default pod:ubuntu-hello-54fb5fdc88-768xr][Mon Feb 10 13:15:24 UTC 2025
][collectRule:cr-01 podNs:default pod:ubuntu-hello-54fb5fdc88-768xr][hello world
][collectRule:cr-01 podNs:default pod:ubuntu-hello-54fb5fdc88-nq79b][Mon Feb 10 13:15:24 UTC 2025
][collectRule:cr-01 podNs:default pod:ubuntu-hello-54fb5fdc88-nq79b][hello world
][collectRule:cr-01 podNs:default pod:ubuntu-hello-54fb5fdc88-768xr][Mon Feb 10 13:15:25 UTC 2025
][collectRule:cr-01 podNs:default pod:ubuntu-hello-54fb5fdc88-768xr][hello world
][collectRule:cr-01 podNs:default pod:ubuntu-hello-54fb5fdc88-nq79b][Mon Feb 10 13:15:25 UTC 2025
][collectRule:cr-01 podNs:default pod:ubuntu-hello-54fb5fdc88-nq79b][hello world
][collectRule:cr-01 podNs:default pod:ubuntu-hello-54fb5fdc88-768xr][Mon Feb 10 13:15:26 UTC 2025
][collectRule:cr-01 podNs:default pod:ubuntu-hello-54fb5fdc88-768xr][hello world
][collectRule:cr-01 podNs:default pod:ubuntu-hello-54fb5fdc88-nq79b][Mon Feb 10 13:15:26 UTC 2025
][collectRule:cr-01 podNs:default pod:ubuntu-hello-54fb5fdc88-nq79b][hello world
][collectRule:cr-01 podNs:default pod:ubuntu-hello-54fb5fdc88-768xr][Mon Feb 10 13:15:27 UTC 2025
][collectRule:cr-01 podNs:default pod:ubuntu-hello-54fb5fdc88-768xr][hello world
][collectRule:cr-01 podNs:default pod:ubuntu-hello-54fb5fdc88-nq79b][Mon Feb 10 13:15:27 UTC 2025
][collectRule:cr-01 podNs:default pod:ubuntu-hello-54fb5fdc88-nq79b][hello world
][collectRule:cr-01 podNs:default pod:ubuntu-hello-54fb5fdc88-768xr][Mon Feb 10 13:15:28 UTC 2025
][collectRule:cr-01 podNs:default pod:ubuntu-hello-54fb5fdc88-768xr][hello world
][collectRule:cr-01 podNs:default pod:ubuntu-hello-54fb5fdc88-nq79b][Mon Feb 10 13:15:28 UTC 2025
][collectRule:cr-01 podNs:default pod:ubuntu-hello-54fb5fdc88-nq79b][hello world
][collectRule:cr-01 podNs:default pod:ubuntu-hello-54fb5fdc88-768xr][Mon Feb 10 13:15:29 UTC 2025
][collectRule:cr-01 podNs:default pod:ubuntu-hello-54fb5fdc88-768xr][hello world
][collectRule:cr-01 podNs:default pod:ubuntu-hello-54fb5fdc88-nq79b][Mon Feb 10 13:15:29 UTC 2025
][collectRule:cr-01 podNs:default pod:ubuntu-hello-54fb5fdc88-nq79b][hello world
][collectRule:cr-01 podNs:default pod:ubuntu-hello-54fb5fdc88-768xr][Mon Feb 10 13:15:30 UTC 2025
][collectRule:cr-01 podNs:default pod:ubuntu-hello-54fb5fdc88-768xr][hello world
][collectRule:cr-01 podNs:default pod:ubuntu-hello-54fb5fdc88-nq79b][Mon Feb 10 13:15:30 UTC 2025
][collectRule:cr-01 podNs:default pod:ubuntu-hello-54fb5fdc88-nq79b][hello world
][collectRule:cr-01 podNs:default pod:ubuntu-hello-54fb5fdc88-768xr][Mon Feb 10 13:15:31 UTC 2025
][collectRule:cr-01 podNs:default pod:ubuntu-hello-54fb5fdc88-768xr][hello world
][collectRule:cr-01 podNs:default pod:ubuntu-hello-54fb5fdc88-nq79b][Mon Feb 10 13:15:31 UTC 2025
][collectRule:cr-01 podNs:default pod:ubuntu-hello-54fb5fdc88-nq79b][hello world
][collectRule:cr-01 podNs:default pod:ubuntu-hello-54fb5fdc88-768xr][Mon Feb 10 13:15:32 UTC 2025
][collectRule:cr-01 podNs:default pod:ubuntu-hello-54fb5fdc88-768xr][hello world
][collectRule:cr-01 podNs:default pod:ubuntu-hello-54fb5fdc88-nq79b][Mon Feb 10 13:15:32 UTC 2025
][collectRule:cr-01 podNs:default pod:ubuntu-hello-54fb5fdc88-nq79b][hello world
][collectRule:cr-01 podNs:default pod:ubuntu-hello-54fb5fdc88-768xr][Mon Feb 10 13:15:33 UTC 2025
][collectRule:cr-01 podNs:default pod:ubuntu-hello-54fb5fdc88-768xr][hello world
][collectRule:cr-01 podNs:default pod:ubuntu-hello-54fb5fdc88-nq79b][Mon Feb 10 13:15:33 UTC 2025
][collectRule:cr-01 podNs:default pod:ubuntu-hello-54fb5fdc88-nq79b][hello world
][collectRule:cr-01 podNs:default pod:ubuntu-hello-54fb5fdc88-768xr][Mon Feb 10 13:15:34 UTC 2025
][collectRule:cr-01 podNs:default pod:ubuntu-hello-54fb5fdc88-768xr][hello world
][collectRule:cr-01 podNs:default pod:ubuntu-hello-54fb5fdc88-nq79b][Mon Feb 10 13:15:34 UTC 2025
][collectRule:cr-01 podNs:default pod:ubuntu-hello-54fb5fdc88-nq79b][hello world
][collectRule:cr-01 podNs:default pod:gin-web-log-7f98954464-8th9n][line:[GIN] 2025/02/10 - 12:43:46 | 200 |       33.12s |   10.100.32.128 | GET      "/hello/xiaoyi"][collectRule:cr-01 podNs:default pod:gin-web-log-7f98954464-8th9n][line:[GIN] 2025/02/10 - 13:24:42 | 200 |      23.659s |   10.100.32.128 | GET      "/hello/xiaoyi"][collectRule:cr-01 podNs:default pod:gin-web-log-7f98954464-8th9n][line:[GIN] 2025/02/10 - 13:27:16 | 200 |      20.051s |   10.100.32.128 | GET      "/hello/xiaoyisdasf"][collectRule:cr-01 podNs:default pod:gin-web-log-7f98954464-8th9n][line:[GIN] 2025/02/11 - 11:26:39 | 200 |      57.919s |   10.100.32.128 | GET      "/hello/xiaoyisdfsdfdsfd"][collectRule:cr-01 podNs:default pod:gin-web-log-7f98954464-8th9n][line:[GIN] 2025/02/11 - 11:26:39 | 200 |      57.919s |   10.100.32.128 | GET      "/hello/xiaoyisdfsdfdsfd"][collectRule:cr-01 podNs:default pod:gin-web-log-7f98954464-8th9n][line:[GIN] 2025/02/11 - 11:59:46 | 200 |      19.559s |   10.100.32.128 | GET      "/hello/xiaoyi1231232132"]